<?xml version="1.0" encoding="UTF-8" ?>
<testsuite tests="8" failures="5" name="restAssured.TestDriver" time="4.257" errors="0" skipped="0">
  <properties>
    <property name="java.runtime.name" value="Java(TM) SE Runtime Environment"/>
    <property name="sun.boot.library.path" value="C:\Program Files\Java\jdk1.8.0_121\jre\bin"/>
    <property name="java.vm.version" value="25.121-b13"/>
    <property name="java.vm.vendor" value="Oracle Corporation"/>
    <property name="maven.multiModuleProjectDirectory" value="C:\Users\mypc1\Documents\group-proj-repo\ericssongroupproject"/>
    <property name="java.vendor.url" value="http://java.oracle.com/"/>
    <property name="path.separator" value=";"/>
    <property name="guice.disable.misplaced.annotation.check" value="true"/>
    <property name="java.vm.name" value="Java HotSpot(TM) 64-Bit Server VM"/>
    <property name="file.encoding.pkg" value="sun.io"/>
    <property name="user.script" value=""/>
    <property name="user.country" value="IE"/>
    <property name="sun.java.launcher" value="SUN_STANDARD"/>
    <property name="sun.os.patch.level" value=""/>
    <property name="java.vm.specification.name" value="Java Virtual Machine Specification"/>
    <property name="user.dir" value="C:\Users\mypc1\Documents\group-proj-repo\ericssongroupproject"/>
    <property name="java.runtime.version" value="1.8.0_121-b13"/>
    <property name="java.awt.graphicsenv" value="sun.awt.Win32GraphicsEnvironment"/>
    <property name="java.endorsed.dirs" value="C:\Program Files\Java\jdk1.8.0_121\jre\lib\endorsed"/>
    <property name="os.arch" value="amd64"/>
    <property name="java.io.tmpdir" value="C:\Users\mypc1\AppData\Local\Temp\"/>
    <property name="line.separator" value="
"/>
    <property name="java.vm.specification.vendor" value="Oracle Corporation"/>
    <property name="user.variant" value=""/>
    <property name="os.name" value="Windows 10"/>
    <property name="classworlds.conf" value="C:\Java\apache-maven-3.3.9\bin\..\bin\m2.conf"/>
    <property name="sun.jnu.encoding" value="Cp1252"/>
    <property name="java.library.path" value="C:\Program Files\Java\jdk1.8.0_121\bin;C:\WINDOWS\Sun\Java\bin;C:\WINDOWS\system32;C:\WINDOWS;C:\ProgramData\Oracle\Java\javapath;C:\WINDOWS\system32;C:\WINDOWS;C:\WINDOWS\System32\Wbem;C:\WINDOWS\System32\WindowsPowerShell\v1.0\;C:\Program Files (x86)\Common Files\lenovo\easyplussdk\bin;C:\Program Files\Git\cmd;C:\Java\apache-maven-3.3.9\bin;C:\Program Files\MySQL\MySQL Utilities 1.6\;C:\Users\mypc1\AppData\Local\Programs\Python\Python36-32\Scripts\;C:\Users\mypc1\AppData\Local\Programs\Python\Python36-32\;C:\Users\mypc1\AppData\Local\Microsoft\WindowsApps;;."/>
    <property name="java.specification.name" value="Java Platform API Specification"/>
    <property name="java.class.version" value="52.0"/>
    <property name="sun.management.compiler" value="HotSpot 64-Bit Tiered Compilers"/>
    <property name="os.version" value="10.0"/>
    <property name="user.home" value="C:\Users\mypc1"/>
    <property name="user.timezone" value="Europe/London"/>
    <property name="java.awt.printerjob" value="sun.awt.windows.WPrinterJob"/>
    <property name="java.specification.version" value="1.8"/>
    <property name="file.encoding" value="Cp1252"/>
    <property name="user.name" value="mypc1"/>
    <property name="java.class.path" value="C:\Java\apache-maven-3.3.9\bin\..\boot\plexus-classworlds-2.5.2.jar"/>
    <property name="java.vm.specification.version" value="1.8"/>
    <property name="sun.arch.data.model" value="64"/>
    <property name="java.home" value="C:\Program Files\Java\jdk1.8.0_121\jre"/>
    <property name="sun.java.command" value="org.codehaus.plexus.classworlds.launcher.Launcher install"/>
    <property name="java.specification.vendor" value="Oracle Corporation"/>
    <property name="user.language" value="en"/>
    <property name="awt.toolkit" value="sun.awt.windows.WToolkit"/>
    <property name="java.vm.info" value="mixed mode"/>
    <property name="java.version" value="1.8.0_121"/>
    <property name="java.ext.dirs" value="C:\Program Files\Java\jdk1.8.0_121\jre\lib\ext;C:\WINDOWS\Sun\Java\lib\ext"/>
    <property name="sun.boot.class.path" value="C:\Program Files\Java\jdk1.8.0_121\jre\lib\resources.jar;C:\Program Files\Java\jdk1.8.0_121\jre\lib\rt.jar;C:\Program Files\Java\jdk1.8.0_121\jre\lib\sunrsasign.jar;C:\Program Files\Java\jdk1.8.0_121\jre\lib\jsse.jar;C:\Program Files\Java\jdk1.8.0_121\jre\lib\jce.jar;C:\Program Files\Java\jdk1.8.0_121\jre\lib\charsets.jar;C:\Program Files\Java\jdk1.8.0_121\jre\lib\jfr.jar;C:\Program Files\Java\jdk1.8.0_121\jre\classes"/>
    <property name="sun.stderr.encoding" value="cp850"/>
    <property name="java.vendor" value="Oracle Corporation"/>
    <property name="maven.home" value="C:\Java\apache-maven-3.3.9\bin\.."/>
    <property name="file.separator" value="\"/>
    <property name="java.vendor.url.bug" value="http://bugreport.sun.com/bugreport/"/>
    <property name="sun.cpu.endian" value="little"/>
    <property name="sun.io.unicode.encoding" value="UnicodeLittle"/>
    <property name="sun.stdout.encoding" value="cp850"/>
    <property name="sun.desktop" value="windows"/>
    <property name="sun.cpu.isalist" value="amd64"/>
  </properties>
  <testcase classname="restAssured.TestDriver" name="query1" time="2.306">
    <failure message="2 expectations failed.
JSON path baseDataList.event_id doesn&apos;t match.
Expected: (a collection containing &lt;4098&gt; and a collection containing &lt;4097&gt; and a collection containing &lt;4097&gt;)
  Actual: [null, null, null, null, null, null, null, null, null, null, null, null, null, null, null, null, null, null, null, null, null, null, null, null, null, null, null, null, null, null, null, null, null, null, null, null, null, null, null, null, null, null, null, null, null, null, null, null, null, null, null, null, null, null, null, null, null, null, null, null, null, null, null, null, null, null, null, null, null, null, null, null, null, null, null, null, null, null, null, null, null, null, null, null, null, null, null, null, null, null, null, null, null, null, null, null, null, null, null, null, null, null, null, null, null, null, null, null, null, null, null, null, null, null, null, null, null, null, null, null, null, null, null, null, null, null, null, null, null, null, null, null, null, null, null, null, null, null, null, null, null, null, null, null, null, null, null, null, null, null, null, null, null, null, null, null, null, null, null, null, null, null, null, null, null, null, null, null, null, null, null, null, null, null, null, null, null, null, null, null, null, null, null, null, null, null, null, null, null, null, null, null]

JSON path baseDataList.cause_code doesn&apos;t match.
Expected: (a collection containing &lt;0&gt; and a collection containing &lt;11&gt; and a collection containing &lt;13&gt;)
  Actual: [null, null, null, null, null, null, null, null, null, null, null, null, null, null, null, null, null, null, null, null, null, null, null, null, null, null, null, null, null, null, null, null, null, null, null, null, null, null, null, null, null, null, null, null, null, null, null, null, null, null, null, null, null, null, null, null, null, null, null, null, null, null, null, null, null, null, null, null, null, null, null, null, null, null, null, null, null, null, null, null, null, null, null, null, null, null, null, null, null, null, null, null, null, null, null, null, null, null, null, null, null, null, null, null, null, null, null, null, null, null, null, null, null, null, null, null, null, null, null, null, null, null, null, null, null, null, null, null, null, null, null, null, null, null, null, null, null, null, null, null, null, null, null, null, null, null, null, null, null, null, null, null, null, null, null, null, null, null, null, null, null, null, null, null, null, null, null, null, null, null, null, null, null, null, null, null, null, null, null, null, null, null, null, null, null, null, null, null, null, null, null, null]
" type="java.lang.AssertionError">java.lang.AssertionError: 2 expectations failed.
JSON path baseDataList.event_id doesn&apos;t match.
Expected: (a collection containing &lt;4098&gt; and a collection containing &lt;4097&gt; and a collection containing &lt;4097&gt;)
  Actual: [null, null, null, null, null, null, null, null, null, null, null, null, null, null, null, null, null, null, null, null, null, null, null, null, null, null, null, null, null, null, null, null, null, null, null, null, null, null, null, null, null, null, null, null, null, null, null, null, null, null, null, null, null, null, null, null, null, null, null, null, null, null, null, null, null, null, null, null, null, null, null, null, null, null, null, null, null, null, null, null, null, null, null, null, null, null, null, null, null, null, null, null, null, null, null, null, null, null, null, null, null, null, null, null, null, null, null, null, null, null, null, null, null, null, null, null, null, null, null, null, null, null, null, null, null, null, null, null, null, null, null, null, null, null, null, null, null, null, null, null, null, null, null, null, null, null, null, null, null, null, null, null, null, null, null, null, null, null, null, null, null, null, null, null, null, null, null, null, null, null, null, null, null, null, null, null, null, null, null, null, null, null, null, null, null, null, null, null, null, null, null, null]

JSON path baseDataList.cause_code doesn&apos;t match.
Expected: (a collection containing &lt;0&gt; and a collection containing &lt;11&gt; and a collection containing &lt;13&gt;)
  Actual: [null, null, null, null, null, null, null, null, null, null, null, null, null, null, null, null, null, null, null, null, null, null, null, null, null, null, null, null, null, null, null, null, null, null, null, null, null, null, null, null, null, null, null, null, null, null, null, null, null, null, null, null, null, null, null, null, null, null, null, null, null, null, null, null, null, null, null, null, null, null, null, null, null, null, null, null, null, null, null, null, null, null, null, null, null, null, null, null, null, null, null, null, null, null, null, null, null, null, null, null, null, null, null, null, null, null, null, null, null, null, null, null, null, null, null, null, null, null, null, null, null, null, null, null, null, null, null, null, null, null, null, null, null, null, null, null, null, null, null, null, null, null, null, null, null, null, null, null, null, null, null, null, null, null, null, null, null, null, null, null, null, null, null, null, null, null, null, null, null, null, null, null, null, null, null, null, null, null, null, null, null, null, null, null, null, null, null, null, null, null, null, null]

	at sun.reflect.NativeConstructorAccessorImpl.newInstance0(Native Method)
	at sun.reflect.NativeConstructorAccessorImpl.newInstance(NativeConstructorAccessorImpl.java:62)
	at sun.reflect.DelegatingConstructorAccessorImpl.newInstance(DelegatingConstructorAccessorImpl.java:45)
	at java.lang.reflect.Constructor.newInstance(Constructor.java:423)
	at org.codehaus.groovy.reflection.CachedConstructor.invoke(CachedConstructor.java:83)
	at org.codehaus.groovy.reflection.CachedConstructor.doConstructorInvoke(CachedConstructor.java:77)
	at org.codehaus.groovy.runtime.callsite.ConstructorSite$ConstructorSiteNoUnwrap.callConstructor(ConstructorSite.java:84)
	at org.codehaus.groovy.runtime.callsite.CallSiteArray.defaultCallConstructor(CallSiteArray.java:60)
	at org.codehaus.groovy.runtime.callsite.AbstractCallSite.callConstructor(AbstractCallSite.java:235)
	at org.codehaus.groovy.runtime.callsite.AbstractCallSite.callConstructor(AbstractCallSite.java:247)
	at io.restassured.internal.ResponseSpecificationImpl$HamcrestAssertionClosure.validate(ResponseSpecificationImpl.groovy:471)
	at io.restassured.internal.ResponseSpecificationImpl$HamcrestAssertionClosure$validate$1.call(Unknown Source)
	at org.codehaus.groovy.runtime.callsite.CallSiteArray.defaultCall(CallSiteArray.java:48)
	at org.codehaus.groovy.runtime.callsite.AbstractCallSite.call(AbstractCallSite.java:113)
	at org.codehaus.groovy.runtime.callsite.AbstractCallSite.call(AbstractCallSite.java:125)
	at io.restassured.internal.ResponseSpecificationImpl.validateResponseIfRequired(ResponseSpecificationImpl.groovy:636)
	at sun.reflect.NativeMethodAccessorImpl.invoke0(Native Method)
	at sun.reflect.NativeMethodAccessorImpl.invoke(NativeMethodAccessorImpl.java:62)
	at sun.reflect.DelegatingMethodAccessorImpl.invoke(DelegatingMethodAccessorImpl.java:43)
	at java.lang.reflect.Method.invoke(Method.java:498)
	at org.codehaus.groovy.runtime.callsite.PogoMetaMethodSite$PogoCachedMethodSiteNoUnwrapNoCoerce.invoke(PogoMetaMethodSite.java:210)
	at org.codehaus.groovy.runtime.callsite.PogoMetaMethodSite.callCurrent(PogoMetaMethodSite.java:59)
	at org.codehaus.groovy.runtime.callsite.CallSiteArray.defaultCallCurrent(CallSiteArray.java:52)
	at org.codehaus.groovy.runtime.callsite.AbstractCallSite.callCurrent(AbstractCallSite.java:154)
	at org.codehaus.groovy.runtime.callsite.AbstractCallSite.callCurrent(AbstractCallSite.java:166)
	at io.restassured.internal.ResponseSpecificationImpl.content(ResponseSpecificationImpl.groovy:265)
	at io.restassured.specification.ResponseSpecification$content$0.callCurrent(Unknown Source)
	at org.codehaus.groovy.runtime.callsite.CallSiteArray.defaultCallCurrent(CallSiteArray.java:52)
	at org.codehaus.groovy.runtime.callsite.AbstractCallSite.callCurrent(AbstractCallSite.java:154)
	at org.codehaus.groovy.runtime.callsite.AbstractCallSite.callCurrent(AbstractCallSite.java:190)
	at io.restassured.internal.ResponseSpecificationImpl.body(ResponseSpecificationImpl.groovy:248)
	at io.restassured.internal.ValidatableResponseOptionsImpl.body(ValidatableResponseOptionsImpl.java:268)
	at restAssured.TestDriver.query1(TestDriver.java:53)
	at sun.reflect.NativeMethodAccessorImpl.invoke0(Native Method)
	at sun.reflect.NativeMethodAccessorImpl.invoke(NativeMethodAccessorImpl.java:62)
	at sun.reflect.DelegatingMethodAccessorImpl.invoke(DelegatingMethodAccessorImpl.java:43)
	at java.lang.reflect.Method.invoke(Method.java:498)
	at org.junit.runners.model.FrameworkMethod$1.runReflectiveCall(FrameworkMethod.java:50)
	at org.junit.internal.runners.model.ReflectiveCallable.run(ReflectiveCallable.java:12)
	at org.junit.runners.model.FrameworkMethod.invokeExplosively(FrameworkMethod.java:47)
	at org.junit.internal.runners.statements.InvokeMethod.evaluate(InvokeMethod.java:17)
	at org.junit.runners.ParentRunner.runLeaf(ParentRunner.java:325)
	at org.junit.runners.BlockJUnit4ClassRunner.runChild(BlockJUnit4ClassRunner.java:78)
	at org.junit.runners.BlockJUnit4ClassRunner.runChild(BlockJUnit4ClassRunner.java:57)
	at org.junit.runners.ParentRunner$3.run(ParentRunner.java:290)
	at org.junit.runners.ParentRunner$1.schedule(ParentRunner.java:71)
	at org.junit.runners.ParentRunner.runChildren(ParentRunner.java:288)
	at org.junit.runners.ParentRunner.access$000(ParentRunner.java:58)
	at org.junit.runners.ParentRunner$2.evaluate(ParentRunner.java:268)
	at org.junit.internal.runners.statements.RunBefores.evaluate(RunBefores.java:26)
	at org.junit.runners.ParentRunner.run(ParentRunner.java:363)
	at org.apache.maven.surefire.junit4.JUnit4Provider.execute(JUnit4Provider.java:236)
	at org.apache.maven.surefire.junit4.JUnit4Provider.executeTestSet(JUnit4Provider.java:134)
	at org.apache.maven.surefire.junit4.JUnit4Provider.invoke(JUnit4Provider.java:113)
	at sun.reflect.NativeMethodAccessorImpl.invoke0(Native Method)
	at sun.reflect.NativeMethodAccessorImpl.invoke(NativeMethodAccessorImpl.java:62)
	at sun.reflect.DelegatingMethodAccessorImpl.invoke(DelegatingMethodAccessorImpl.java:43)
	at java.lang.reflect.Method.invoke(Method.java:498)
	at org.apache.maven.surefire.util.ReflectionUtils.invokeMethodWithArray(ReflectionUtils.java:189)
	at org.apache.maven.surefire.booter.ProviderFactory$ProviderProxy.invoke(ProviderFactory.java:165)
	at org.apache.maven.surefire.booter.ProviderFactory.invokeProvider(ProviderFactory.java:85)
	at org.apache.maven.surefire.booter.ForkedBooter.runSuitesInProcess(ForkedBooter.java:103)
	at org.apache.maven.surefire.booter.ForkedBooter.main(ForkedBooter.java:74)
</failure>
  </testcase>
  <testcase classname="restAssured.TestDriver" name="query2" time="0.046"/>
  <testcase classname="restAssured.TestDriver" name="query3" time="0.829">
    <failure message="1 expectation failed.
XML path $ doesn&apos;t match.
Expected: (a collection containing &lt;10&gt;)
  Actual: ERRORbody {
    font-family: &quot;Lucida Grande&quot;, &quot;Lucida Sans Unicode&quot;, &quot;Trebuchet MS&quot;, Helvetica, Arial, Verdana, sans-serif;
    margin: 5px;
}

.header {
    background-image: linear-gradient(bottom, rgb(153,151,153) 8%, rgb(199,199,199) 54%);
    background-image: -o-linear-gradient(bottom, rgb(153,151,153) 8%, rgb(199,199,199) 54%);
    background-image: -moz-linear-gradient(bottom, rgb(153,151,153) 8%, rgb(199,199,199) 54%);
    background-image: -webkit-linear-gradient(bottom, rgb(153,151,153) 8%, rgb(199,199,199) 54%);
    background-image: -ms-linear-gradient(bottom, rgb(153,151,153) 8%, rgb(199,199,199) 54%);
    
    background-image: -webkit-gradient(
        linear,
        left bottom,
        left top,
        color-stop(0.08, rgb(153,151,153)),
        color-stop(0.54, rgb(199,199,199))
    );
    color: black;
    padding: 2px;
    font-weight: normal;
    border: solid 1px;
    font-size: 170%;
    text-align: left;
    vertical-align: middle; 
    height: 32px; 
}
.error-div {
   display: inline-block;   width: 32px;   height: 32px;    background: url(&apos;data:image/png;base64,iVBORw0KGgoAAAANSUhEUgAAACAAAAAgCAYAAABzenr0AAAABmJLR0QAAAAAAAD5Q7t/AAAACXBIWXMAAABIAAAASABGyWs+AAAACXZwQWcAAAAgAAAAIACH+pydAAAGGElEQVRYw8WXW2wcVxnHf+fM7NXrdXbdtZ3ipGqCEzvQKmlFoUggwkvvGBoaqVVV5Y0nkCoQPPCAhMQbQlzUh/IWHoh6QUVKZVLxUCGogKZRW9uJkyg0iVzZ2dhre9c7u7M7c87hYWc2M7t2bBASI306O/85+v7/7zLn24H/8yV2u/EcFNvwVNK2X0DKw1qpYaX1gCWlY0m5arRe8JQ6I2DmaVj/nwk4CxO2Zf1aw9dKo6N67+eOZHN7x0gViiSHBmlXa7hrazjLt1i+eKmxUi5bwpg/e8a8PA3X/msBr0MyJ+WvgFOffehY8v7HH5OW78HqGjgOtNrge2AnIJWAgQEYLqBsm3/NvKM/mZ1rYczpRa2/9x3w/iMBM1BCiHfuGRmZevClF9NJ5cP1m9B0+/aa3t/ZDNw3TtuSfPy737trK6sXtTGPPwOruxLwNhSEEHMHpqZGDz93wubKFdio3ZXUGNOHs2cIDh/g6pt/9G8uXLnlGPP5k1Dt5bN60m6lhXj34OTkxKET37SZm4d6oz/KgFRH7yOrBozbwlTWGf7ql6RZrWTcytrxaTj9Ro9OGb3JS/mz0nDxgYnnvmWbuUsdJ6FTY2JmImShqZA83N90UbOXOXDiG4nCcPFoTsqfbluCP8DenJQLx1/+7pBcXILaZl9qo2svFmalb48xkM9hxkf5+29+u9HSenIayn0ZyEr5i0NHpnKy7aGrtW6UehsLozRBRlRQEh3BwzLpWh3h++yfPJRLSvnzvhK8DkPamOl7n3nCUjcXtyXuK0X0WViaAFc9QtSNJe594uu2MubZGcjHBGTgqeFiQQml0K12nDgSpd4iyi4uRMci6Q8xJSWq7SGEZCg/qD14LCYgIcTzoxMHc6qygYk40aETKTFSdh2aANOWhbEsjJSYCK6C/V0LcH+9xvCB/TlbiBdCAXbQMJPZ/fvQjUbXEULAa6/1deyuh0dwNU+e7DSzEOhmi8xn9iI+ujgVE6ChlBwpYcqVjuIgA3IXBMYYtNbd30IIpJQI0ZEa+gPQnk9ieA8GSrESaGNyiWIBrVQntUHqdrq01iiluo0WilBK4fs+WutOr4S9YAyJoRzamMGYAClEve046ETyTr13EKCU6kZ+N4GNCxfwKpVOryQSuOUVhBCbsRIIuN1cWRkaSCfRrdaOTncijgltNPDn5xHZLIn7x3GNh4CVmADgcv3a9YmBY0cxm06nAQH31KlOao3BL5fxbtzAOE73hAt7JXb6RU7PGO44WK5Do1ZHw6WYAN+YM+X5S8dLXziWizVNvY5aWcFfWuq8Idsctb1Yr8DwmRwrUr1yfVMbcyYmwIWZ2mbdai9+gvfBAsaAbrUwrrtllLuJPibIGGQ2hUlIHLdlA+diTXgSqkKIt5b/OevL+8bwqlWU63anW3jyhaa4c9T2Hs0hrsL5EOCJQ/sov7/gS8Mb07AZEwDgav2D5aVy3eSziEL+Dllk0PSRcmcMqx6BUeGykINsksrttboPP4w2aVfACVhGiFevvft+I/XwJCad3DF6tc2MiD4zmRSZhyZY/OusI4V4JTqKYwIA6lr/2Gm6s5/+7UMv/egDmEyqL7VbRR/LViR6sikGvniYpffm2m6r/VFd65/0vqZ9R/tbsMeG+WKpMDL+lWMJ58Jl/NVqvOG26PAoDmCXhhg4epDl9+a9zUp1uQkPbvWfcMvZchbuEXAuk0kf2X/84YxpuDQv3kA5zW1fw9CswSyZyXFEJsmnf/m46bntuTY8+SxUtuLadri9CokxeEUK8WJhtJgaeeSIxG3RurWGv+Gg3RbaU5CwkOkU1lCWxFgBmbS4ff6qX7297rXh9Gn4/llobMcjtsFywACQ+zZMTsOP8vBIOpNS+bFiJj2cxx7MYg+k8ZwmrWqD9lqNjVvrTc9tWRtw/k345dtwFagDTmTdUUA2EDAYXffB2JPw6FH4ch7GUpCzIemD50J9A1Y+hH/8Cc4vdTq9Tud9D9dNOt+MajclyNL53xZmIhusmcBSQJLOd4UJnHqACzTppDy0kHizl/yuPRB5nggIM0A6IE4GuA34EQFtoBUQuwGm7kbwb+eaEEXmuV5dAAAAJXRFWHRjcmVhdGUtZGF0ZQAyMDA5LTExLTEwVDE5OjM4OjI0LTA3OjAwdDKp4gAAACV0RVh0ZGF0ZTpjcmVhdGUAMjAxMC0wMi0yMFQyMzoyNjoyNC0wNzowMC7DUNYAAAAldEVYdGRhdGU6bW9kaWZ5ADIwMTAtMDEtMTFUMDg6NTc6MzUtMDc6MDCruapPAAAAMnRFWHRMaWNlbnNlAGh0dHA6Ly9lbi53aWtpcGVkaWEub3JnL3dpa2kvUHVibGljX2RvbWFpbj/96s8AAAAldEVYdG1vZGlmeS1kYXRlADIwMDktMTEtMTBUMTk6Mzg6MjQtMDc6MDArg9/WAAAAGXRFWHRTb3VyY2UAVGFuZ28gSWNvbiBMaWJyYXJ5VM/tggAAADp0RVh0U291cmNlX1VSTABodHRwOi8vdGFuZ28uZnJlZWRlc2t0b3Aub3JnL1RhbmdvX0ljb25fTGlicmFyebzIrdYAAAAASUVORK5CYII=&apos;) left center no-repeat;
}.error-text-div {
   display: inline-block;   vertical-align: top;   height: 32px;}.label {   font-weight:bold;   display: inline-block;}.value {   display: inline-block;}nullError processing requestContext Path:/ericssongroupprojectnullServlet Path:/restnullPath Info:/base/causenullQuery String:imsi=344930000000011nullStack Tracenullnullnullnullnullnullnullnullnullnullnullnullnullnullnullnullnullnullnullnullnullnullnullnullnullnullnullnullnullnullnullnullnullnullnullnullnull
" type="java.lang.AssertionError">java.lang.AssertionError: 1 expectation failed.
XML path $ doesn&apos;t match.
Expected: (a collection containing &lt;10&gt;)
  Actual: ERRORbody {
    font-family: &quot;Lucida Grande&quot;, &quot;Lucida Sans Unicode&quot;, &quot;Trebuchet MS&quot;, Helvetica, Arial, Verdana, sans-serif;
    margin: 5px;
}

.header {
    background-image: linear-gradient(bottom, rgb(153,151,153) 8%, rgb(199,199,199) 54%);
    background-image: -o-linear-gradient(bottom, rgb(153,151,153) 8%, rgb(199,199,199) 54%);
    background-image: -moz-linear-gradient(bottom, rgb(153,151,153) 8%, rgb(199,199,199) 54%);
    background-image: -webkit-linear-gradient(bottom, rgb(153,151,153) 8%, rgb(199,199,199) 54%);
    background-image: -ms-linear-gradient(bottom, rgb(153,151,153) 8%, rgb(199,199,199) 54%);
    
    background-image: -webkit-gradient(
        linear,
        left bottom,
        left top,
        color-stop(0.08, rgb(153,151,153)),
        color-stop(0.54, rgb(199,199,199))
    );
    color: black;
    padding: 2px;
    font-weight: normal;
    border: solid 1px;
    font-size: 170%;
    text-align: left;
    vertical-align: middle; 
    height: 32px; 
}
.error-div {
   display: inline-block;   width: 32px;   height: 32px;    background: url(&apos;data:image/png;base64,iVBORw0KGgoAAAANSUhEUgAAACAAAAAgCAYAAABzenr0AAAABmJLR0QAAAAAAAD5Q7t/AAAACXBIWXMAAABIAAAASABGyWs+AAAACXZwQWcAAAAgAAAAIACH+pydAAAGGElEQVRYw8WXW2wcVxnHf+fM7NXrdXbdtZ3ipGqCEzvQKmlFoUggwkvvGBoaqVVV5Y0nkCoQPPCAhMQbQlzUh/IWHoh6QUVKZVLxUCGogKZRW9uJkyg0iVzZ2dhre9c7u7M7c87hYWc2M7t2bBASI306O/85+v7/7zLn24H/8yV2u/EcFNvwVNK2X0DKw1qpYaX1gCWlY0m5arRe8JQ6I2DmaVj/nwk4CxO2Zf1aw9dKo6N67+eOZHN7x0gViiSHBmlXa7hrazjLt1i+eKmxUi5bwpg/e8a8PA3X/msBr0MyJ+WvgFOffehY8v7HH5OW78HqGjgOtNrge2AnIJWAgQEYLqBsm3/NvKM/mZ1rYczpRa2/9x3w/iMBM1BCiHfuGRmZevClF9NJ5cP1m9B0+/aa3t/ZDNw3TtuSfPy737trK6sXtTGPPwOruxLwNhSEEHMHpqZGDz93wubKFdio3ZXUGNOHs2cIDh/g6pt/9G8uXLnlGPP5k1Dt5bN60m6lhXj34OTkxKET37SZm4d6oz/KgFRH7yOrBozbwlTWGf7ql6RZrWTcytrxaTj9Ro9OGb3JS/mz0nDxgYnnvmWbuUsdJ6FTY2JmImShqZA83N90UbOXOXDiG4nCcPFoTsqfbluCP8DenJQLx1/+7pBcXILaZl9qo2svFmalb48xkM9hxkf5+29+u9HSenIayn0ZyEr5i0NHpnKy7aGrtW6UehsLozRBRlRQEh3BwzLpWh3h++yfPJRLSvnzvhK8DkPamOl7n3nCUjcXtyXuK0X0WViaAFc9QtSNJe594uu2MubZGcjHBGTgqeFiQQml0K12nDgSpd4iyi4uRMci6Q8xJSWq7SGEZCg/qD14LCYgIcTzoxMHc6qygYk40aETKTFSdh2aANOWhbEsjJSYCK6C/V0LcH+9xvCB/TlbiBdCAXbQMJPZ/fvQjUbXEULAa6/1deyuh0dwNU+e7DSzEOhmi8xn9iI+ujgVE6ChlBwpYcqVjuIgA3IXBMYYtNbd30IIpJQI0ZEa+gPQnk9ieA8GSrESaGNyiWIBrVQntUHqdrq01iiluo0WilBK4fs+WutOr4S9YAyJoRzamMGYAClEve046ETyTr13EKCU6kZ+N4GNCxfwKpVOryQSuOUVhBCbsRIIuN1cWRkaSCfRrdaOTncijgltNPDn5xHZLIn7x3GNh4CVmADgcv3a9YmBY0cxm06nAQH31KlOao3BL5fxbtzAOE73hAt7JXb6RU7PGO44WK5Do1ZHw6WYAN+YM+X5S8dLXziWizVNvY5aWcFfWuq8Idsctb1Yr8DwmRwrUr1yfVMbcyYmwIWZ2mbdai9+gvfBAsaAbrUwrrtllLuJPibIGGQ2hUlIHLdlA+diTXgSqkKIt5b/OevL+8bwqlWU63anW3jyhaa4c9T2Hs0hrsL5EOCJQ/sov7/gS8Mb07AZEwDgav2D5aVy3eSziEL+Dllk0PSRcmcMqx6BUeGykINsksrttboPP4w2aVfACVhGiFevvft+I/XwJCad3DF6tc2MiD4zmRSZhyZY/OusI4V4JTqKYwIA6lr/2Gm6s5/+7UMv/egDmEyqL7VbRR/LViR6sikGvniYpffm2m6r/VFd65/0vqZ9R/tbsMeG+WKpMDL+lWMJ58Jl/NVqvOG26PAoDmCXhhg4epDl9+a9zUp1uQkPbvWfcMvZchbuEXAuk0kf2X/84YxpuDQv3kA5zW1fw9CswSyZyXFEJsmnf/m46bntuTY8+SxUtuLadri9CokxeEUK8WJhtJgaeeSIxG3RurWGv+Gg3RbaU5CwkOkU1lCWxFgBmbS4ff6qX7297rXh9Gn4/llobMcjtsFywACQ+zZMTsOP8vBIOpNS+bFiJj2cxx7MYg+k8ZwmrWqD9lqNjVvrTc9tWRtw/k345dtwFagDTmTdUUA2EDAYXffB2JPw6FH4ch7GUpCzIemD50J9A1Y+hH/8Cc4vdTq9Tud9D9dNOt+MajclyNL53xZmIhusmcBSQJLOd4UJnHqACzTppDy0kHizl/yuPRB5nggIM0A6IE4GuA34EQFtoBUQuwGm7kbwb+eaEEXmuV5dAAAAJXRFWHRjcmVhdGUtZGF0ZQAyMDA5LTExLTEwVDE5OjM4OjI0LTA3OjAwdDKp4gAAACV0RVh0ZGF0ZTpjcmVhdGUAMjAxMC0wMi0yMFQyMzoyNjoyNC0wNzowMC7DUNYAAAAldEVYdGRhdGU6bW9kaWZ5ADIwMTAtMDEtMTFUMDg6NTc6MzUtMDc6MDCruapPAAAAMnRFWHRMaWNlbnNlAGh0dHA6Ly9lbi53aWtpcGVkaWEub3JnL3dpa2kvUHVibGljX2RvbWFpbj/96s8AAAAldEVYdG1vZGlmeS1kYXRlADIwMDktMTEtMTBUMTk6Mzg6MjQtMDc6MDArg9/WAAAAGXRFWHRTb3VyY2UAVGFuZ28gSWNvbiBMaWJyYXJ5VM/tggAAADp0RVh0U291cmNlX1VSTABodHRwOi8vdGFuZ28uZnJlZWRlc2t0b3Aub3JnL1RhbmdvX0ljb25fTGlicmFyebzIrdYAAAAASUVORK5CYII=&apos;) left center no-repeat;
}.error-text-div {
   display: inline-block;   vertical-align: top;   height: 32px;}.label {   font-weight:bold;   display: inline-block;}.value {   display: inline-block;}nullError processing requestContext Path:/ericssongroupprojectnullServlet Path:/restnullPath Info:/base/causenullQuery String:imsi=344930000000011nullStack Tracenullnullnullnullnullnullnullnullnullnullnullnullnullnullnullnullnullnullnullnullnullnullnullnullnullnullnullnullnullnullnullnullnullnullnullnullnull

	at sun.reflect.NativeConstructorAccessorImpl.newInstance0(Native Method)
	at sun.reflect.NativeConstructorAccessorImpl.newInstance(NativeConstructorAccessorImpl.java:62)
	at sun.reflect.DelegatingConstructorAccessorImpl.newInstance(DelegatingConstructorAccessorImpl.java:45)
	at java.lang.reflect.Constructor.newInstance(Constructor.java:423)
	at org.codehaus.groovy.reflection.CachedConstructor.invoke(CachedConstructor.java:83)
	at org.codehaus.groovy.reflection.CachedConstructor.doConstructorInvoke(CachedConstructor.java:77)
	at org.codehaus.groovy.runtime.callsite.ConstructorSite$ConstructorSiteNoUnwrap.callConstructor(ConstructorSite.java:84)
	at org.codehaus.groovy.runtime.callsite.AbstractCallSite.callConstructor(AbstractCallSite.java:247)
	at io.restassured.internal.ResponseSpecificationImpl$HamcrestAssertionClosure.validate(ResponseSpecificationImpl.groovy:471)
	at io.restassured.internal.ResponseSpecificationImpl$HamcrestAssertionClosure$validate$1.call(Unknown Source)
	at io.restassured.internal.ResponseSpecificationImpl.validateResponseIfRequired(ResponseSpecificationImpl.groovy:636)
	at sun.reflect.NativeMethodAccessorImpl.invoke0(Native Method)
	at sun.reflect.NativeMethodAccessorImpl.invoke(NativeMethodAccessorImpl.java:62)
	at sun.reflect.DelegatingMethodAccessorImpl.invoke(DelegatingMethodAccessorImpl.java:43)
	at java.lang.reflect.Method.invoke(Method.java:498)
	at org.codehaus.groovy.runtime.callsite.PogoMetaMethodSite$PogoCachedMethodSiteNoUnwrapNoCoerce.invoke(PogoMetaMethodSite.java:210)
	at org.codehaus.groovy.runtime.callsite.PogoMetaMethodSite.callCurrent(PogoMetaMethodSite.java:59)
	at org.codehaus.groovy.runtime.callsite.AbstractCallSite.callCurrent(AbstractCallSite.java:166)
	at io.restassured.internal.ResponseSpecificationImpl.content(ResponseSpecificationImpl.groovy:265)
	at io.restassured.specification.ResponseSpecification$content$0.callCurrent(Unknown Source)
	at io.restassured.internal.ResponseSpecificationImpl.body(ResponseSpecificationImpl.groovy:248)
	at io.restassured.internal.ValidatableResponseOptionsImpl.body(ValidatableResponseOptionsImpl.java:268)
	at restAssured.TestDriver.query3(TestDriver.java:76)
	at sun.reflect.NativeMethodAccessorImpl.invoke0(Native Method)
	at sun.reflect.NativeMethodAccessorImpl.invoke(NativeMethodAccessorImpl.java:62)
	at sun.reflect.DelegatingMethodAccessorImpl.invoke(DelegatingMethodAccessorImpl.java:43)
	at java.lang.reflect.Method.invoke(Method.java:498)
	at org.junit.runners.model.FrameworkMethod$1.runReflectiveCall(FrameworkMethod.java:50)
	at org.junit.internal.runners.model.ReflectiveCallable.run(ReflectiveCallable.java:12)
	at org.junit.runners.model.FrameworkMethod.invokeExplosively(FrameworkMethod.java:47)
	at org.junit.internal.runners.statements.InvokeMethod.evaluate(InvokeMethod.java:17)
	at org.junit.runners.ParentRunner.runLeaf(ParentRunner.java:325)
	at org.junit.runners.BlockJUnit4ClassRunner.runChild(BlockJUnit4ClassRunner.java:78)
	at org.junit.runners.BlockJUnit4ClassRunner.runChild(BlockJUnit4ClassRunner.java:57)
	at org.junit.runners.ParentRunner$3.run(ParentRunner.java:290)
	at org.junit.runners.ParentRunner$1.schedule(ParentRunner.java:71)
	at org.junit.runners.ParentRunner.runChildren(ParentRunner.java:288)
	at org.junit.runners.ParentRunner.access$000(ParentRunner.java:58)
	at org.junit.runners.ParentRunner$2.evaluate(ParentRunner.java:268)
	at org.junit.internal.runners.statements.RunBefores.evaluate(RunBefores.java:26)
	at org.junit.runners.ParentRunner.run(ParentRunner.java:363)
	at org.apache.maven.surefire.junit4.JUnit4Provider.execute(JUnit4Provider.java:236)
	at org.apache.maven.surefire.junit4.JUnit4Provider.executeTestSet(JUnit4Provider.java:134)
	at org.apache.maven.surefire.junit4.JUnit4Provider.invoke(JUnit4Provider.java:113)
	at sun.reflect.NativeMethodAccessorImpl.invoke0(Native Method)
	at sun.reflect.NativeMethodAccessorImpl.invoke(NativeMethodAccessorImpl.java:62)
	at sun.reflect.DelegatingMethodAccessorImpl.invoke(DelegatingMethodAccessorImpl.java:43)
	at java.lang.reflect.Method.invoke(Method.java:498)
	at org.apache.maven.surefire.util.ReflectionUtils.invokeMethodWithArray(ReflectionUtils.java:189)
	at org.apache.maven.surefire.booter.ProviderFactory$ProviderProxy.invoke(ProviderFactory.java:165)
	at org.apache.maven.surefire.booter.ProviderFactory.invokeProvider(ProviderFactory.java:85)
	at org.apache.maven.surefire.booter.ForkedBooter.runSuitesInProcess(ForkedBooter.java:103)
	at org.apache.maven.surefire.booter.ForkedBooter.main(ForkedBooter.java:74)
</failure>
  </testcase>
  <testcase classname="restAssured.TestDriver" name="query4" time="0.547"/>
  <testcase classname="restAssured.TestDriver" name="query5" time="0.094">
    <failure message="1 expectation failed.
Response body doesn&apos;t match expectation.
Expected: &quot;318&quot;
  Actual: &lt;html&gt;&lt;head&gt;&lt;title&gt;ERROR&lt;/title&gt;&lt;style&gt;body {
    font-family: &quot;Lucida Grande&quot;, &quot;Lucida Sans Unicode&quot;, &quot;Trebuchet MS&quot;, Helvetica, Arial, Verdana, sans-serif;
    margin: 5px;
}

.header {
    background-image: linear-gradient(bottom, rgb(153,151,153) 8%, rgb(199,199,199) 54%);
    background-image: -o-linear-gradient(bottom, rgb(153,151,153) 8%, rgb(199,199,199) 54%);
    background-image: -moz-linear-gradient(bottom, rgb(153,151,153) 8%, rgb(199,199,199) 54%);
    background-image: -webkit-linear-gradient(bottom, rgb(153,151,153) 8%, rgb(199,199,199) 54%);
    background-image: -ms-linear-gradient(bottom, rgb(153,151,153) 8%, rgb(199,199,199) 54%);
    
    background-image: -webkit-gradient(
        linear,
        left bottom,
        left top,
        color-stop(0.08, rgb(153,151,153)),
        color-stop(0.54, rgb(199,199,199))
    );
    color: black;
    padding: 2px;
    font-weight: normal;
    border: solid 1px;
    font-size: 170%;
    text-align: left;
    vertical-align: middle; 
    height: 32px; 
}
.error-div {
   display: inline-block;   width: 32px;   height: 32px;    background: url(&apos;data:image/png;base64,iVBORw0KGgoAAAANSUhEUgAAACAAAAAgCAYAAABzenr0AAAABmJLR0QAAAAAAAD5Q7t/AAAACXBIWXMAAABIAAAASABGyWs+AAAACXZwQWcAAAAgAAAAIACH+pydAAAGGElEQVRYw8WXW2wcVxnHf+fM7NXrdXbdtZ3ipGqCEzvQKmlFoUggwkvvGBoaqVVV5Y0nkCoQPPCAhMQbQlzUh/IWHoh6QUVKZVLxUCGogKZRW9uJkyg0iVzZ2dhre9c7u7M7c87hYWc2M7t2bBASI306O/85+v7/7zLn24H/8yV2u/EcFNvwVNK2X0DKw1qpYaX1gCWlY0m5arRe8JQ6I2DmaVj/nwk4CxO2Zf1aw9dKo6N67+eOZHN7x0gViiSHBmlXa7hrazjLt1i+eKmxUi5bwpg/e8a8PA3X/msBr0MyJ+WvgFOffehY8v7HH5OW78HqGjgOtNrge2AnIJWAgQEYLqBsm3/NvKM/mZ1rYczpRa2/9x3w/iMBM1BCiHfuGRmZevClF9NJ5cP1m9B0+/aa3t/ZDNw3TtuSfPy737trK6sXtTGPPwOruxLwNhSEEHMHpqZGDz93wubKFdio3ZXUGNOHs2cIDh/g6pt/9G8uXLnlGPP5k1Dt5bN60m6lhXj34OTkxKET37SZm4d6oz/KgFRH7yOrBozbwlTWGf7ql6RZrWTcytrxaTj9Ro9OGb3JS/mz0nDxgYnnvmWbuUsdJ6FTY2JmImShqZA83N90UbOXOXDiG4nCcPFoTsqfbluCP8DenJQLx1/+7pBcXILaZl9qo2svFmalb48xkM9hxkf5+29+u9HSenIayn0ZyEr5i0NHpnKy7aGrtW6UehsLozRBRlRQEh3BwzLpWh3h++yfPJRLSvnzvhK8DkPamOl7n3nCUjcXtyXuK0X0WViaAFc9QtSNJe594uu2MubZGcjHBGTgqeFiQQml0K12nDgSpd4iyi4uRMci6Q8xJSWq7SGEZCg/qD14LCYgIcTzoxMHc6qygYk40aETKTFSdh2aANOWhbEsjJSYCK6C/V0LcH+9xvCB/TlbiBdCAXbQMJPZ/fvQjUbXEULAa6/1deyuh0dwNU+e7DSzEOhmi8xn9iI+ujgVE6ChlBwpYcqVjuIgA3IXBMYYtNbd30IIpJQI0ZEa+gPQnk9ieA8GSrESaGNyiWIBrVQntUHqdrq01iiluo0WilBK4fs+WutOr4S9YAyJoRzamMGYAClEve046ETyTr13EKCU6kZ+N4GNCxfwKpVOryQSuOUVhBCbsRIIuN1cWRkaSCfRrdaOTncijgltNPDn5xHZLIn7x3GNh4CVmADgcv3a9YmBY0cxm06nAQH31KlOao3BL5fxbtzAOE73hAt7JXb6RU7PGO44WK5Do1ZHw6WYAN+YM+X5S8dLXziWizVNvY5aWcFfWuq8Idsctb1Yr8DwmRwrUr1yfVMbcyYmwIWZ2mbdai9+gvfBAsaAbrUwrrtllLuJPibIGGQ2hUlIHLdlA+diTXgSqkKIt5b/OevL+8bwqlWU63anW3jyhaa4c9T2Hs0hrsL5EOCJQ/sov7/gS8Mb07AZEwDgav2D5aVy3eSziEL+Dllk0PSRcmcMqx6BUeGykINsksrttboPP4w2aVfACVhGiFevvft+I/XwJCad3DF6tc2MiD4zmRSZhyZY/OusI4V4JTqKYwIA6lr/2Gm6s5/+7UMv/egDmEyqL7VbRR/LViR6sikGvniYpffm2m6r/VFd65/0vqZ9R/tbsMeG+WKpMDL+lWMJ58Jl/NVqvOG26PAoDmCXhhg4epDl9+a9zUp1uQkPbvWfcMvZchbuEXAuk0kf2X/84YxpuDQv3kA5zW1fw9CswSyZyXFEJsmnf/m46bntuTY8+SxUtuLadri9CokxeEUK8WJhtJgaeeSIxG3RurWGv+Gg3RbaU5CwkOkU1lCWxFgBmbS4ff6qX7297rXh9Gn4/llobMcjtsFywACQ+zZMTsOP8vBIOpNS+bFiJj2cxx7MYg+k8ZwmrWqD9lqNjVvrTc9tWRtw/k345dtwFagDTmTdUUA2EDAYXffB2JPw6FH4ch7GUpCzIemD50J9A1Y+hH/8Cc4vdTq9Tud9D9dNOt+MajclyNL53xZmIhusmcBSQJLOd4UJnHqACzTppDy0kHizl/yuPRB5nggIM0A6IE4GuA34EQFtoBUQuwGm7kbwb+eaEEXmuV5dAAAAJXRFWHRjcmVhdGUtZGF0ZQAyMDA5LTExLTEwVDE5OjM4OjI0LTA3OjAwdDKp4gAAACV0RVh0ZGF0ZTpjcmVhdGUAMjAxMC0wMi0yMFQyMzoyNjoyNC0wNzowMC7DUNYAAAAldEVYdGRhdGU6bW9kaWZ5ADIwMTAtMDEtMTFUMDg6NTc6MzUtMDc6MDCruapPAAAAMnRFWHRMaWNlbnNlAGh0dHA6Ly9lbi53aWtpcGVkaWEub3JnL3dpa2kvUHVibGljX2RvbWFpbj/96s8AAAAldEVYdG1vZGlmeS1kYXRlADIwMDktMTEtMTBUMTk6Mzg6MjQtMDc6MDArg9/WAAAAGXRFWHRTb3VyY2UAVGFuZ28gSWNvbiBMaWJyYXJ5VM/tggAAADp0RVh0U291cmNlX1VSTABodHRwOi8vdGFuZ28uZnJlZWRlc2t0b3Aub3JnL1RhbmdvX0ljb25fTGlicmFyebzIrdYAAAAASUVORK5CYII=&apos;) left center no-repeat;
}.error-text-div {
   display: inline-block;   vertical-align: top;   height: 32px;}.label {   font-weight:bold;   display: inline-block;}.value {   display: inline-block;}&lt;/style&gt;&lt;/head&gt;&lt;body&gt;&lt;div class=&quot;header&quot;&gt;&lt;div class=&quot;error-div&quot;&gt;&lt;/div&gt;&lt;div class=&quot;error-text-div&quot;&gt;Error processing request&lt;/div&gt;&lt;/div&gt;&lt;div class=&quot;label&quot;&gt;Context Path:&lt;/div&gt;&lt;div class=&quot;value&quot;&gt;/ericssongroupproject&lt;/div&gt;&lt;br/&gt;&lt;div class=&quot;label&quot;&gt;Servlet Path:&lt;/div&gt;&lt;div class=&quot;value&quot;&gt;/rest&lt;/div&gt;&lt;br/&gt;&lt;div class=&quot;label&quot;&gt;Path Info:&lt;/div&gt;&lt;div class=&quot;value&quot;&gt;/base/date/ue_type&lt;/div&gt;&lt;br/&gt;&lt;div class=&quot;label&quot;&gt;Query String:&lt;/div&gt;&lt;div class=&quot;value&quot;&gt;ue_type=21060800&amp;amp;start=2013-01-11&amp;amp;end=2013-01-11&lt;/div&gt;&lt;br/&gt;&lt;b&gt;Stack Trace&lt;/b&gt;&lt;br/&gt;org.jboss.resteasy.spi.UnhandledException: javax.ejb.EJBTransactionRolledbackException: org.hibernate.QueryException: could not resolve property: ue_type of: com.ericsson.group.entities.BaseData [select count (c) from com.ericsson.group.entities.BaseData c where c.ue_type = :ue_type AND c.date_time &amp;gt;= :sDate AND c.date_time &amp;lt;= :eDate]&lt;br/&gt;org.jboss.resteasy.core.ExceptionHandler.handleApplicationException(ExceptionHandler.java:76)&lt;br/&gt;org.jboss.resteasy.core.ExceptionHandler.handleException(ExceptionHandler.java:212)&lt;br/&gt;org.jboss.resteasy.core.SynchronousDispatcher.writeException(SynchronousDispatcher.java:149)&lt;br/&gt;org.jboss.resteasy.core.SynchronousDispatcher.invoke(SynchronousDispatcher.java:372)&lt;br/&gt;org.jboss.resteasy.core.SynchronousDispatcher.invoke(SynchronousDispatcher.java:179)&lt;br/&gt;org.jboss.resteasy.plugins.server.servlet.ServletContainerDispatcher.service(ServletContainerDispatcher.java:220)&lt;br/&gt;org.jboss.resteasy.plugins.server.servlet.HttpServletDispatcher.service(HttpServletDispatcher.java:56)&lt;br/&gt;org.jboss.resteasy.plugins.server.servlet.HttpServletDispatcher.service(HttpServletDispatcher.java:51)&lt;br/&gt;javax.servlet.http.HttpServlet.service(HttpServlet.java:790)&lt;br/&gt;io.undertow.servlet.handlers.ServletHandler.handleRequest(ServletHandler.java:86)&lt;br/&gt;io.undertow.servlet.handlers.security.ServletSecurityRoleHandler.handleRequest(ServletSecurityRoleHandler.java:62)&lt;br/&gt;io.undertow.servlet.handlers.ServletDispatchingHandler.handleRequest(ServletDispatchingHandler.java:36)&lt;br/&gt;org.wildfly.extension.undertow.security.SecurityContextAssociationHandler.handleRequest(SecurityContextAssociationHandler.java:78)&lt;br/&gt;io.undertow.server.handlers.PredicateHandler.handleRequest(PredicateHandler.java:43)&lt;br/&gt;io.undertow.servlet.handlers.security.SSLInformationAssociationHandler.handleRequest(SSLInformationAssociationHandler.java:131)&lt;br/&gt;io.undertow.servlet.handlers.security.ServletAuthenticationCallHandler.handleRequest(ServletAuthenticationCallHandler.java:57)&lt;br/&gt;io.undertow.server.handlers.PredicateHandler.handleRequest(PredicateHandler.java:43)&lt;br/&gt;io.undertow.security.handlers.AbstractConfidentialityHandler.handleRequest(AbstractConfidentialityHandler.java:46)&lt;br/&gt;io.undertow.servlet.handlers.security.ServletConfidentialityConstraintHandler.handleRequest(ServletConfidentialityConstraintHandler.java:64)&lt;br/&gt;io.undertow.security.handlers.AuthenticationMechanismsHandler.handleRequest(AuthenticationMechanismsHandler.java:58)&lt;br/&gt;io.undertow.servlet.handlers.security.CachedAuthenticatedSessionHandler.handleRequest(CachedAuthenticatedSessionHandler.java:70)&lt;br/&gt;io.undertow.security.handlers.SecurityInitialHandler.handleRequest(SecurityInitialHandler.java:76)&lt;br/&gt;io.undertow.server.handlers.PredicateHandler.handleRequest(PredicateHandler.java:43)&lt;br/&gt;org.wildfly.extension.undertow.security.jacc.JACCContextIdHandler.handleRequest(JACCContextIdHandler.java:61)&lt;br/&gt;io.undertow.server.handlers.PredicateHandler.handleRequest(PredicateHandler.java:43)&lt;br/&gt;io.undertow.server.handlers.PredicateHandler.handleRequest(PredicateHandler.java:43)&lt;br/&gt;io.undertow.servlet.handlers.ServletInitialHandler.handleFirstRequest(ServletInitialHandler.java:261)&lt;br/&gt;io.undertow.servlet.handlers.ServletInitialHandler.dispatchRequest(ServletInitialHandler.java:248)&lt;br/&gt;io.undertow.servlet.handlers.ServletInitialHandler.access$000(ServletInitialHandler.java:77)&lt;br/&gt;io.undertow.servlet.handlers.ServletInitialHandler$1.handleRequest(ServletInitialHandler.java:167)&lt;br/&gt;io.undertow.server.Connectors.executeRootHandler(Connectors.java:199)&lt;br/&gt;io.undertow.server.HttpServerExchange$1.run(HttpServerExchange.java:761)&lt;br/&gt;java.util.concurrent.ThreadPoolExecutor.runWorker(ThreadPoolExecutor.java:1142)&lt;br/&gt;java.util.concurrent.ThreadPoolExecutor$Worker.run(ThreadPoolExecutor.java:617)&lt;br/&gt;java.lang.Thread.run(Thread.java:745)&lt;br/&gt;&lt;/body&gt;&lt;/html&gt;
" type="java.lang.AssertionError">java.lang.AssertionError: 1 expectation failed.
Response body doesn&apos;t match expectation.
Expected: &quot;318&quot;
  Actual: &lt;html&gt;&lt;head&gt;&lt;title&gt;ERROR&lt;/title&gt;&lt;style&gt;body {
    font-family: &quot;Lucida Grande&quot;, &quot;Lucida Sans Unicode&quot;, &quot;Trebuchet MS&quot;, Helvetica, Arial, Verdana, sans-serif;
    margin: 5px;
}

.header {
    background-image: linear-gradient(bottom, rgb(153,151,153) 8%, rgb(199,199,199) 54%);
    background-image: -o-linear-gradient(bottom, rgb(153,151,153) 8%, rgb(199,199,199) 54%);
    background-image: -moz-linear-gradient(bottom, rgb(153,151,153) 8%, rgb(199,199,199) 54%);
    background-image: -webkit-linear-gradient(bottom, rgb(153,151,153) 8%, rgb(199,199,199) 54%);
    background-image: -ms-linear-gradient(bottom, rgb(153,151,153) 8%, rgb(199,199,199) 54%);
    
    background-image: -webkit-gradient(
        linear,
        left bottom,
        left top,
        color-stop(0.08, rgb(153,151,153)),
        color-stop(0.54, rgb(199,199,199))
    );
    color: black;
    padding: 2px;
    font-weight: normal;
    border: solid 1px;
    font-size: 170%;
    text-align: left;
    vertical-align: middle; 
    height: 32px; 
}
.error-div {
   display: inline-block;   width: 32px;   height: 32px;    background: url(&apos;data:image/png;base64,iVBORw0KGgoAAAANSUhEUgAAACAAAAAgCAYAAABzenr0AAAABmJLR0QAAAAAAAD5Q7t/AAAACXBIWXMAAABIAAAASABGyWs+AAAACXZwQWcAAAAgAAAAIACH+pydAAAGGElEQVRYw8WXW2wcVxnHf+fM7NXrdXbdtZ3ipGqCEzvQKmlFoUggwkvvGBoaqVVV5Y0nkCoQPPCAhMQbQlzUh/IWHoh6QUVKZVLxUCGogKZRW9uJkyg0iVzZ2dhre9c7u7M7c87hYWc2M7t2bBASI306O/85+v7/7zLn24H/8yV2u/EcFNvwVNK2X0DKw1qpYaX1gCWlY0m5arRe8JQ6I2DmaVj/nwk4CxO2Zf1aw9dKo6N67+eOZHN7x0gViiSHBmlXa7hrazjLt1i+eKmxUi5bwpg/e8a8PA3X/msBr0MyJ+WvgFOffehY8v7HH5OW78HqGjgOtNrge2AnIJWAgQEYLqBsm3/NvKM/mZ1rYczpRa2/9x3w/iMBM1BCiHfuGRmZevClF9NJ5cP1m9B0+/aa3t/ZDNw3TtuSfPy737trK6sXtTGPPwOruxLwNhSEEHMHpqZGDz93wubKFdio3ZXUGNOHs2cIDh/g6pt/9G8uXLnlGPP5k1Dt5bN60m6lhXj34OTkxKET37SZm4d6oz/KgFRH7yOrBozbwlTWGf7ql6RZrWTcytrxaTj9Ro9OGb3JS/mz0nDxgYnnvmWbuUsdJ6FTY2JmImShqZA83N90UbOXOXDiG4nCcPFoTsqfbluCP8DenJQLx1/+7pBcXILaZl9qo2svFmalb48xkM9hxkf5+29+u9HSenIayn0ZyEr5i0NHpnKy7aGrtW6UehsLozRBRlRQEh3BwzLpWh3h++yfPJRLSvnzvhK8DkPamOl7n3nCUjcXtyXuK0X0WViaAFc9QtSNJe594uu2MubZGcjHBGTgqeFiQQml0K12nDgSpd4iyi4uRMci6Q8xJSWq7SGEZCg/qD14LCYgIcTzoxMHc6qygYk40aETKTFSdh2aANOWhbEsjJSYCK6C/V0LcH+9xvCB/TlbiBdCAXbQMJPZ/fvQjUbXEULAa6/1deyuh0dwNU+e7DSzEOhmi8xn9iI+ujgVE6ChlBwpYcqVjuIgA3IXBMYYtNbd30IIpJQI0ZEa+gPQnk9ieA8GSrESaGNyiWIBrVQntUHqdrq01iiluo0WilBK4fs+WutOr4S9YAyJoRzamMGYAClEve046ETyTr13EKCU6kZ+N4GNCxfwKpVOryQSuOUVhBCbsRIIuN1cWRkaSCfRrdaOTncijgltNPDn5xHZLIn7x3GNh4CVmADgcv3a9YmBY0cxm06nAQH31KlOao3BL5fxbtzAOE73hAt7JXb6RU7PGO44WK5Do1ZHw6WYAN+YM+X5S8dLXziWizVNvY5aWcFfWuq8Idsctb1Yr8DwmRwrUr1yfVMbcyYmwIWZ2mbdai9+gvfBAsaAbrUwrrtllLuJPibIGGQ2hUlIHLdlA+diTXgSqkKIt5b/OevL+8bwqlWU63anW3jyhaa4c9T2Hs0hrsL5EOCJQ/sov7/gS8Mb07AZEwDgav2D5aVy3eSziEL+Dllk0PSRcmcMqx6BUeGykINsksrttboPP4w2aVfACVhGiFevvft+I/XwJCad3DF6tc2MiD4zmRSZhyZY/OusI4V4JTqKYwIA6lr/2Gm6s5/+7UMv/egDmEyqL7VbRR/LViR6sikGvniYpffm2m6r/VFd65/0vqZ9R/tbsMeG+WKpMDL+lWMJ58Jl/NVqvOG26PAoDmCXhhg4epDl9+a9zUp1uQkPbvWfcMvZchbuEXAuk0kf2X/84YxpuDQv3kA5zW1fw9CswSyZyXFEJsmnf/m46bntuTY8+SxUtuLadri9CokxeEUK8WJhtJgaeeSIxG3RurWGv+Gg3RbaU5CwkOkU1lCWxFgBmbS4ff6qX7297rXh9Gn4/llobMcjtsFywACQ+zZMTsOP8vBIOpNS+bFiJj2cxx7MYg+k8ZwmrWqD9lqNjVvrTc9tWRtw/k345dtwFagDTmTdUUA2EDAYXffB2JPw6FH4ch7GUpCzIemD50J9A1Y+hH/8Cc4vdTq9Tud9D9dNOt+MajclyNL53xZmIhusmcBSQJLOd4UJnHqACzTppDy0kHizl/yuPRB5nggIM0A6IE4GuA34EQFtoBUQuwGm7kbwb+eaEEXmuV5dAAAAJXRFWHRjcmVhdGUtZGF0ZQAyMDA5LTExLTEwVDE5OjM4OjI0LTA3OjAwdDKp4gAAACV0RVh0ZGF0ZTpjcmVhdGUAMjAxMC0wMi0yMFQyMzoyNjoyNC0wNzowMC7DUNYAAAAldEVYdGRhdGU6bW9kaWZ5ADIwMTAtMDEtMTFUMDg6NTc6MzUtMDc6MDCruapPAAAAMnRFWHRMaWNlbnNlAGh0dHA6Ly9lbi53aWtpcGVkaWEub3JnL3dpa2kvUHVibGljX2RvbWFpbj/96s8AAAAldEVYdG1vZGlmeS1kYXRlADIwMDktMTEtMTBUMTk6Mzg6MjQtMDc6MDArg9/WAAAAGXRFWHRTb3VyY2UAVGFuZ28gSWNvbiBMaWJyYXJ5VM/tggAAADp0RVh0U291cmNlX1VSTABodHRwOi8vdGFuZ28uZnJlZWRlc2t0b3Aub3JnL1RhbmdvX0ljb25fTGlicmFyebzIrdYAAAAASUVORK5CYII=&apos;) left center no-repeat;
}.error-text-div {
   display: inline-block;   vertical-align: top;   height: 32px;}.label {   font-weight:bold;   display: inline-block;}.value {   display: inline-block;}&lt;/style&gt;&lt;/head&gt;&lt;body&gt;&lt;div class=&quot;header&quot;&gt;&lt;div class=&quot;error-div&quot;&gt;&lt;/div&gt;&lt;div class=&quot;error-text-div&quot;&gt;Error processing request&lt;/div&gt;&lt;/div&gt;&lt;div class=&quot;label&quot;&gt;Context Path:&lt;/div&gt;&lt;div class=&quot;value&quot;&gt;/ericssongroupproject&lt;/div&gt;&lt;br/&gt;&lt;div class=&quot;label&quot;&gt;Servlet Path:&lt;/div&gt;&lt;div class=&quot;value&quot;&gt;/rest&lt;/div&gt;&lt;br/&gt;&lt;div class=&quot;label&quot;&gt;Path Info:&lt;/div&gt;&lt;div class=&quot;value&quot;&gt;/base/date/ue_type&lt;/div&gt;&lt;br/&gt;&lt;div class=&quot;label&quot;&gt;Query String:&lt;/div&gt;&lt;div class=&quot;value&quot;&gt;ue_type=21060800&amp;amp;start=2013-01-11&amp;amp;end=2013-01-11&lt;/div&gt;&lt;br/&gt;&lt;b&gt;Stack Trace&lt;/b&gt;&lt;br/&gt;org.jboss.resteasy.spi.UnhandledException: javax.ejb.EJBTransactionRolledbackException: org.hibernate.QueryException: could not resolve property: ue_type of: com.ericsson.group.entities.BaseData [select count (c) from com.ericsson.group.entities.BaseData c where c.ue_type = :ue_type AND c.date_time &amp;gt;= :sDate AND c.date_time &amp;lt;= :eDate]&lt;br/&gt;org.jboss.resteasy.core.ExceptionHandler.handleApplicationException(ExceptionHandler.java:76)&lt;br/&gt;org.jboss.resteasy.core.ExceptionHandler.handleException(ExceptionHandler.java:212)&lt;br/&gt;org.jboss.resteasy.core.SynchronousDispatcher.writeException(SynchronousDispatcher.java:149)&lt;br/&gt;org.jboss.resteasy.core.SynchronousDispatcher.invoke(SynchronousDispatcher.java:372)&lt;br/&gt;org.jboss.resteasy.core.SynchronousDispatcher.invoke(SynchronousDispatcher.java:179)&lt;br/&gt;org.jboss.resteasy.plugins.server.servlet.ServletContainerDispatcher.service(ServletContainerDispatcher.java:220)&lt;br/&gt;org.jboss.resteasy.plugins.server.servlet.HttpServletDispatcher.service(HttpServletDispatcher.java:56)&lt;br/&gt;org.jboss.resteasy.plugins.server.servlet.HttpServletDispatcher.service(HttpServletDispatcher.java:51)&lt;br/&gt;javax.servlet.http.HttpServlet.service(HttpServlet.java:790)&lt;br/&gt;io.undertow.servlet.handlers.ServletHandler.handleRequest(ServletHandler.java:86)&lt;br/&gt;io.undertow.servlet.handlers.security.ServletSecurityRoleHandler.handleRequest(ServletSecurityRoleHandler.java:62)&lt;br/&gt;io.undertow.servlet.handlers.ServletDispatchingHandler.handleRequest(ServletDispatchingHandler.java:36)&lt;br/&gt;org.wildfly.extension.undertow.security.SecurityContextAssociationHandler.handleRequest(SecurityContextAssociationHandler.java:78)&lt;br/&gt;io.undertow.server.handlers.PredicateHandler.handleRequest(PredicateHandler.java:43)&lt;br/&gt;io.undertow.servlet.handlers.security.SSLInformationAssociationHandler.handleRequest(SSLInformationAssociationHandler.java:131)&lt;br/&gt;io.undertow.servlet.handlers.security.ServletAuthenticationCallHandler.handleRequest(ServletAuthenticationCallHandler.java:57)&lt;br/&gt;io.undertow.server.handlers.PredicateHandler.handleRequest(PredicateHandler.java:43)&lt;br/&gt;io.undertow.security.handlers.AbstractConfidentialityHandler.handleRequest(AbstractConfidentialityHandler.java:46)&lt;br/&gt;io.undertow.servlet.handlers.security.ServletConfidentialityConstraintHandler.handleRequest(ServletConfidentialityConstraintHandler.java:64)&lt;br/&gt;io.undertow.security.handlers.AuthenticationMechanismsHandler.handleRequest(AuthenticationMechanismsHandler.java:58)&lt;br/&gt;io.undertow.servlet.handlers.security.CachedAuthenticatedSessionHandler.handleRequest(CachedAuthenticatedSessionHandler.java:70)&lt;br/&gt;io.undertow.security.handlers.SecurityInitialHandler.handleRequest(SecurityInitialHandler.java:76)&lt;br/&gt;io.undertow.server.handlers.PredicateHandler.handleRequest(PredicateHandler.java:43)&lt;br/&gt;org.wildfly.extension.undertow.security.jacc.JACCContextIdHandler.handleRequest(JACCContextIdHandler.java:61)&lt;br/&gt;io.undertow.server.handlers.PredicateHandler.handleRequest(PredicateHandler.java:43)&lt;br/&gt;io.undertow.server.handlers.PredicateHandler.handleRequest(PredicateHandler.java:43)&lt;br/&gt;io.undertow.servlet.handlers.ServletInitialHandler.handleFirstRequest(ServletInitialHandler.java:261)&lt;br/&gt;io.undertow.servlet.handlers.ServletInitialHandler.dispatchRequest(ServletInitialHandler.java:248)&lt;br/&gt;io.undertow.servlet.handlers.ServletInitialHandler.access$000(ServletInitialHandler.java:77)&lt;br/&gt;io.undertow.servlet.handlers.ServletInitialHandler$1.handleRequest(ServletInitialHandler.java:167)&lt;br/&gt;io.undertow.server.Connectors.executeRootHandler(Connectors.java:199)&lt;br/&gt;io.undertow.server.HttpServerExchange$1.run(HttpServerExchange.java:761)&lt;br/&gt;java.util.concurrent.ThreadPoolExecutor.runWorker(ThreadPoolExecutor.java:1142)&lt;br/&gt;java.util.concurrent.ThreadPoolExecutor$Worker.run(ThreadPoolExecutor.java:617)&lt;br/&gt;java.lang.Thread.run(Thread.java:745)&lt;br/&gt;&lt;/body&gt;&lt;/html&gt;

	at sun.reflect.NativeConstructorAccessorImpl.newInstance0(Native Method)
	at sun.reflect.NativeConstructorAccessorImpl.newInstance(NativeConstructorAccessorImpl.java:62)
	at sun.reflect.DelegatingConstructorAccessorImpl.newInstance(DelegatingConstructorAccessorImpl.java:45)
	at java.lang.reflect.Constructor.newInstance(Constructor.java:423)
	at org.codehaus.groovy.reflection.CachedConstructor.invoke(CachedConstructor.java:83)
	at org.codehaus.groovy.reflection.CachedConstructor.doConstructorInvoke(CachedConstructor.java:77)
	at org.codehaus.groovy.runtime.callsite.ConstructorSite$ConstructorSiteNoUnwrap.callConstructor(ConstructorSite.java:84)
	at org.codehaus.groovy.runtime.callsite.AbstractCallSite.callConstructor(AbstractCallSite.java:247)
	at io.restassured.internal.ResponseSpecificationImpl$HamcrestAssertionClosure.validate(ResponseSpecificationImpl.groovy:471)
	at io.restassured.internal.ResponseSpecificationImpl$HamcrestAssertionClosure$validate$1.call(Unknown Source)
	at io.restassured.internal.ResponseSpecificationImpl.validateResponseIfRequired(ResponseSpecificationImpl.groovy:636)
	at sun.reflect.NativeMethodAccessorImpl.invoke0(Native Method)
	at sun.reflect.NativeMethodAccessorImpl.invoke(NativeMethodAccessorImpl.java:62)
	at sun.reflect.DelegatingMethodAccessorImpl.invoke(DelegatingMethodAccessorImpl.java:43)
	at java.lang.reflect.Method.invoke(Method.java:498)
	at org.codehaus.groovy.runtime.callsite.PogoMetaMethodSite$PogoCachedMethodSiteNoUnwrapNoCoerce.invoke(PogoMetaMethodSite.java:210)
	at org.codehaus.groovy.runtime.callsite.PogoMetaMethodSite.callCurrent(PogoMetaMethodSite.java:59)
	at org.codehaus.groovy.runtime.callsite.AbstractCallSite.callCurrent(AbstractCallSite.java:166)
	at io.restassured.internal.ResponseSpecificationImpl.content(ResponseSpecificationImpl.groovy:94)
	at io.restassured.specification.ResponseSpecification$content$1.callCurrent(Unknown Source)
	at io.restassured.internal.ResponseSpecificationImpl.body(ResponseSpecificationImpl.groovy:244)
	at io.restassured.internal.ValidatableResponseOptionsImpl.body(ValidatableResponseOptionsImpl.java:262)
	at restAssured.TestDriver.query5(TestDriver.java:99)
	at sun.reflect.NativeMethodAccessorImpl.invoke0(Native Method)
	at sun.reflect.NativeMethodAccessorImpl.invoke(NativeMethodAccessorImpl.java:62)
	at sun.reflect.DelegatingMethodAccessorImpl.invoke(DelegatingMethodAccessorImpl.java:43)
	at java.lang.reflect.Method.invoke(Method.java:498)
	at org.junit.runners.model.FrameworkMethod$1.runReflectiveCall(FrameworkMethod.java:50)
	at org.junit.internal.runners.model.ReflectiveCallable.run(ReflectiveCallable.java:12)
	at org.junit.runners.model.FrameworkMethod.invokeExplosively(FrameworkMethod.java:47)
	at org.junit.internal.runners.statements.InvokeMethod.evaluate(InvokeMethod.java:17)
	at org.junit.runners.ParentRunner.runLeaf(ParentRunner.java:325)
	at org.junit.runners.BlockJUnit4ClassRunner.runChild(BlockJUnit4ClassRunner.java:78)
	at org.junit.runners.BlockJUnit4ClassRunner.runChild(BlockJUnit4ClassRunner.java:57)
	at org.junit.runners.ParentRunner$3.run(ParentRunner.java:290)
	at org.junit.runners.ParentRunner$1.schedule(ParentRunner.java:71)
	at org.junit.runners.ParentRunner.runChildren(ParentRunner.java:288)
	at org.junit.runners.ParentRunner.access$000(ParentRunner.java:58)
	at org.junit.runners.ParentRunner$2.evaluate(ParentRunner.java:268)
	at org.junit.internal.runners.statements.RunBefores.evaluate(RunBefores.java:26)
	at org.junit.runners.ParentRunner.run(ParentRunner.java:363)
	at org.apache.maven.surefire.junit4.JUnit4Provider.execute(JUnit4Provider.java:236)
	at org.apache.maven.surefire.junit4.JUnit4Provider.executeTestSet(JUnit4Provider.java:134)
	at org.apache.maven.surefire.junit4.JUnit4Provider.invoke(JUnit4Provider.java:113)
	at sun.reflect.NativeMethodAccessorImpl.invoke0(Native Method)
	at sun.reflect.NativeMethodAccessorImpl.invoke(NativeMethodAccessorImpl.java:62)
	at sun.reflect.DelegatingMethodAccessorImpl.invoke(DelegatingMethodAccessorImpl.java:43)
	at java.lang.reflect.Method.invoke(Method.java:498)
	at org.apache.maven.surefire.util.ReflectionUtils.invokeMethodWithArray(ReflectionUtils.java:189)
	at org.apache.maven.surefire.booter.ProviderFactory$ProviderProxy.invoke(ProviderFactory.java:165)
	at org.apache.maven.surefire.booter.ProviderFactory.invokeProvider(ProviderFactory.java:85)
	at org.apache.maven.surefire.booter.ForkedBooter.runSuitesInProcess(ForkedBooter.java:103)
	at org.apache.maven.surefire.booter.ForkedBooter.main(ForkedBooter.java:74)
</failure>
  </testcase>
  <testcase classname="restAssured.TestDriver" name="query6" time="0.094">
    <failure message="1 expectation failed.
XML path baseDataList.imsi doesn&apos;t match.
Expected: (a collection containing &lt;240210000000013L&gt; and a collection containing &lt;344930000000011L&gt; and a collection containing &lt;310560000000012L&gt;)
  Actual: 
" type="java.lang.AssertionError">java.lang.AssertionError: 1 expectation failed.
XML path baseDataList.imsi doesn&apos;t match.
Expected: (a collection containing &lt;240210000000013L&gt; and a collection containing &lt;344930000000011L&gt; and a collection containing &lt;310560000000012L&gt;)
  Actual: 

	at sun.reflect.NativeConstructorAccessorImpl.newInstance0(Native Method)
	at sun.reflect.NativeConstructorAccessorImpl.newInstance(NativeConstructorAccessorImpl.java:62)
	at sun.reflect.DelegatingConstructorAccessorImpl.newInstance(DelegatingConstructorAccessorImpl.java:45)
	at java.lang.reflect.Constructor.newInstance(Constructor.java:423)
	at org.codehaus.groovy.reflection.CachedConstructor.invoke(CachedConstructor.java:83)
	at org.codehaus.groovy.reflection.CachedConstructor.doConstructorInvoke(CachedConstructor.java:77)
	at org.codehaus.groovy.runtime.callsite.ConstructorSite$ConstructorSiteNoUnwrap.callConstructor(ConstructorSite.java:84)
	at org.codehaus.groovy.runtime.callsite.AbstractCallSite.callConstructor(AbstractCallSite.java:247)
	at io.restassured.internal.ResponseSpecificationImpl$HamcrestAssertionClosure.validate(ResponseSpecificationImpl.groovy:471)
	at io.restassured.internal.ResponseSpecificationImpl$HamcrestAssertionClosure$validate$1.call(Unknown Source)
	at io.restassured.internal.ResponseSpecificationImpl.validateResponseIfRequired(ResponseSpecificationImpl.groovy:636)
	at sun.reflect.NativeMethodAccessorImpl.invoke0(Native Method)
	at sun.reflect.NativeMethodAccessorImpl.invoke(NativeMethodAccessorImpl.java:62)
	at sun.reflect.DelegatingMethodAccessorImpl.invoke(DelegatingMethodAccessorImpl.java:43)
	at java.lang.reflect.Method.invoke(Method.java:498)
	at org.codehaus.groovy.runtime.callsite.PogoMetaMethodSite$PogoCachedMethodSiteNoUnwrapNoCoerce.invoke(PogoMetaMethodSite.java:210)
	at org.codehaus.groovy.runtime.callsite.PogoMetaMethodSite.callCurrent(PogoMetaMethodSite.java:59)
	at org.codehaus.groovy.runtime.callsite.AbstractCallSite.callCurrent(AbstractCallSite.java:166)
	at io.restassured.internal.ResponseSpecificationImpl.content(ResponseSpecificationImpl.groovy:265)
	at io.restassured.specification.ResponseSpecification$content$0.callCurrent(Unknown Source)
	at io.restassured.internal.ResponseSpecificationImpl.body(ResponseSpecificationImpl.groovy:248)
	at io.restassured.internal.ValidatableResponseOptionsImpl.body(ValidatableResponseOptionsImpl.java:268)
	at restAssured.TestDriver.query6(TestDriver.java:109)
	at sun.reflect.NativeMethodAccessorImpl.invoke0(Native Method)
	at sun.reflect.NativeMethodAccessorImpl.invoke(NativeMethodAccessorImpl.java:62)
	at sun.reflect.DelegatingMethodAccessorImpl.invoke(DelegatingMethodAccessorImpl.java:43)
	at java.lang.reflect.Method.invoke(Method.java:498)
	at org.junit.runners.model.FrameworkMethod$1.runReflectiveCall(FrameworkMethod.java:50)
	at org.junit.internal.runners.model.ReflectiveCallable.run(ReflectiveCallable.java:12)
	at org.junit.runners.model.FrameworkMethod.invokeExplosively(FrameworkMethod.java:47)
	at org.junit.internal.runners.statements.InvokeMethod.evaluate(InvokeMethod.java:17)
	at org.junit.runners.ParentRunner.runLeaf(ParentRunner.java:325)
	at org.junit.runners.BlockJUnit4ClassRunner.runChild(BlockJUnit4ClassRunner.java:78)
	at org.junit.runners.BlockJUnit4ClassRunner.runChild(BlockJUnit4ClassRunner.java:57)
	at org.junit.runners.ParentRunner$3.run(ParentRunner.java:290)
	at org.junit.runners.ParentRunner$1.schedule(ParentRunner.java:71)
	at org.junit.runners.ParentRunner.runChildren(ParentRunner.java:288)
	at org.junit.runners.ParentRunner.access$000(ParentRunner.java:58)
	at org.junit.runners.ParentRunner$2.evaluate(ParentRunner.java:268)
	at org.junit.internal.runners.statements.RunBefores.evaluate(RunBefores.java:26)
	at org.junit.runners.ParentRunner.run(ParentRunner.java:363)
	at org.apache.maven.surefire.junit4.JUnit4Provider.execute(JUnit4Provider.java:236)
	at org.apache.maven.surefire.junit4.JUnit4Provider.executeTestSet(JUnit4Provider.java:134)
	at org.apache.maven.surefire.junit4.JUnit4Provider.invoke(JUnit4Provider.java:113)
	at sun.reflect.NativeMethodAccessorImpl.invoke0(Native Method)
	at sun.reflect.NativeMethodAccessorImpl.invoke(NativeMethodAccessorImpl.java:62)
	at sun.reflect.DelegatingMethodAccessorImpl.invoke(DelegatingMethodAccessorImpl.java:43)
	at java.lang.reflect.Method.invoke(Method.java:498)
	at org.apache.maven.surefire.util.ReflectionUtils.invokeMethodWithArray(ReflectionUtils.java:189)
	at org.apache.maven.surefire.booter.ProviderFactory$ProviderProxy.invoke(ProviderFactory.java:165)
	at org.apache.maven.surefire.booter.ProviderFactory.invokeProvider(ProviderFactory.java:85)
	at org.apache.maven.surefire.booter.ForkedBooter.runSuitesInProcess(ForkedBooter.java:103)
	at org.apache.maven.surefire.booter.ForkedBooter.main(ForkedBooter.java:74)
</failure>
  </testcase>
  <testcase classname="restAssured.TestDriver" name="query8" time="0.164">
    <failure message="2 expectations failed.
XML path [0] doesn&apos;t match.
Expected: (a collection containing &lt;112&gt; and a collection containing &lt;4097&gt; and a collection containing &lt;1&gt;)
  Actual: ERRORbody {
    font-family: &quot;Lucida Grande&quot;, &quot;Lucida Sans Unicode&quot;, &quot;Trebuchet MS&quot;, Helvetica, Arial, Verdana, sans-serif;
    margin: 5px;
}

.header {
    background-image: linear-gradient(bottom, rgb(153,151,153) 8%, rgb(199,199,199) 54%);
    background-image: -o-linear-gradient(bottom, rgb(153,151,153) 8%, rgb(199,199,199) 54%);
    background-image: -moz-linear-gradient(bottom, rgb(153,151,153) 8%, rgb(199,199,199) 54%);
    background-image: -webkit-linear-gradient(bottom, rgb(153,151,153) 8%, rgb(199,199,199) 54%);
    background-image: -ms-linear-gradient(bottom, rgb(153,151,153) 8%, rgb(199,199,199) 54%);
    
    background-image: -webkit-gradient(
        linear,
        left bottom,
        left top,
        color-stop(0.08, rgb(153,151,153)),
        color-stop(0.54, rgb(199,199,199))
    );
    color: black;
    padding: 2px;
    font-weight: normal;
    border: solid 1px;
    font-size: 170%;
    text-align: left;
    vertical-align: middle; 
    height: 32px; 
}
.error-div {
   display: inline-block;   width: 32px;   height: 32px;    background: url(&apos;data:image/png;base64,iVBORw0KGgoAAAANSUhEUgAAACAAAAAgCAYAAABzenr0AAAABmJLR0QAAAAAAAD5Q7t/AAAACXBIWXMAAABIAAAASABGyWs+AAAACXZwQWcAAAAgAAAAIACH+pydAAAGGElEQVRYw8WXW2wcVxnHf+fM7NXrdXbdtZ3ipGqCEzvQKmlFoUggwkvvGBoaqVVV5Y0nkCoQPPCAhMQbQlzUh/IWHoh6QUVKZVLxUCGogKZRW9uJkyg0iVzZ2dhre9c7u7M7c87hYWc2M7t2bBASI306O/85+v7/7zLn24H/8yV2u/EcFNvwVNK2X0DKw1qpYaX1gCWlY0m5arRe8JQ6I2DmaVj/nwk4CxO2Zf1aw9dKo6N67+eOZHN7x0gViiSHBmlXa7hrazjLt1i+eKmxUi5bwpg/e8a8PA3X/msBr0MyJ+WvgFOffehY8v7HH5OW78HqGjgOtNrge2AnIJWAgQEYLqBsm3/NvKM/mZ1rYczpRa2/9x3w/iMBM1BCiHfuGRmZevClF9NJ5cP1m9B0+/aa3t/ZDNw3TtuSfPy737trK6sXtTGPPwOruxLwNhSEEHMHpqZGDz93wubKFdio3ZXUGNOHs2cIDh/g6pt/9G8uXLnlGPP5k1Dt5bN60m6lhXj34OTkxKET37SZm4d6oz/KgFRH7yOrBozbwlTWGf7ql6RZrWTcytrxaTj9Ro9OGb3JS/mz0nDxgYnnvmWbuUsdJ6FTY2JmImShqZA83N90UbOXOXDiG4nCcPFoTsqfbluCP8DenJQLx1/+7pBcXILaZl9qo2svFmalb48xkM9hxkf5+29+u9HSenIayn0ZyEr5i0NHpnKy7aGrtW6UehsLozRBRlRQEh3BwzLpWh3h++yfPJRLSvnzvhK8DkPamOl7n3nCUjcXtyXuK0X0WViaAFc9QtSNJe594uu2MubZGcjHBGTgqeFiQQml0K12nDgSpd4iyi4uRMci6Q8xJSWq7SGEZCg/qD14LCYgIcTzoxMHc6qygYk40aETKTFSdh2aANOWhbEsjJSYCK6C/V0LcH+9xvCB/TlbiBdCAXbQMJPZ/fvQjUbXEULAa6/1deyuh0dwNU+e7DSzEOhmi8xn9iI+ujgVE6ChlBwpYcqVjuIgA3IXBMYYtNbd30IIpJQI0ZEa+gPQnk9ieA8GSrESaGNyiWIBrVQntUHqdrq01iiluo0WilBK4fs+WutOr4S9YAyJoRzamMGYAClEve046ETyTr13EKCU6kZ+N4GNCxfwKpVOryQSuOUVhBCbsRIIuN1cWRkaSCfRrdaOTncijgltNPDn5xHZLIn7x3GNh4CVmADgcv3a9YmBY0cxm06nAQH31KlOao3BL5fxbtzAOE73hAt7JXb6RU7PGO44WK5Do1ZHw6WYAN+YM+X5S8dLXziWizVNvY5aWcFfWuq8Idsctb1Yr8DwmRwrUr1yfVMbcyYmwIWZ2mbdai9+gvfBAsaAbrUwrrtllLuJPibIGGQ2hUlIHLdlA+diTXgSqkKIt5b/OevL+8bwqlWU63anW3jyhaa4c9T2Hs0hrsL5EOCJQ/sov7/gS8Mb07AZEwDgav2D5aVy3eSziEL+Dllk0PSRcmcMqx6BUeGykINsksrttboPP4w2aVfACVhGiFevvft+I/XwJCad3DF6tc2MiD4zmRSZhyZY/OusI4V4JTqKYwIA6lr/2Gm6s5/+7UMv/egDmEyqL7VbRR/LViR6sikGvniYpffm2m6r/VFd65/0vqZ9R/tbsMeG+WKpMDL+lWMJ58Jl/NVqvOG26PAoDmCXhhg4epDl9+a9zUp1uQkPbvWfcMvZchbuEXAuk0kf2X/84YxpuDQv3kA5zW1fw9CswSyZyXFEJsmnf/m46bntuTY8+SxUtuLadri9CokxeEUK8WJhtJgaeeSIxG3RurWGv+Gg3RbaU5CwkOkU1lCWxFgBmbS4ff6qX7297rXh9Gn4/llobMcjtsFywACQ+zZMTsOP8vBIOpNS+bFiJj2cxx7MYg+k8ZwmrWqD9lqNjVvrTc9tWRtw/k345dtwFagDTmTdUUA2EDAYXffB2JPw6FH4ch7GUpCzIemD50J9A1Y+hH/8Cc4vdTq9Tud9D9dNOt+MajclyNL53xZmIhusmcBSQJLOd4UJnHqACzTppDy0kHizl/yuPRB5nggIM0A6IE4GuA34EQFtoBUQuwGm7kbwb+eaEEXmuV5dAAAAJXRFWHRjcmVhdGUtZGF0ZQAyMDA5LTExLTEwVDE5OjM4OjI0LTA3OjAwdDKp4gAAACV0RVh0ZGF0ZTpjcmVhdGUAMjAxMC0wMi0yMFQyMzoyNjoyNC0wNzowMC7DUNYAAAAldEVYdGRhdGU6bW9kaWZ5ADIwMTAtMDEtMTFUMDg6NTc6MzUtMDc6MDCruapPAAAAMnRFWHRMaWNlbnNlAGh0dHA6Ly9lbi53aWtpcGVkaWEub3JnL3dpa2kvUHVibGljX2RvbWFpbj/96s8AAAAldEVYdG1vZGlmeS1kYXRlADIwMDktMTEtMTBUMTk6Mzg6MjQtMDc6MDArg9/WAAAAGXRFWHRTb3VyY2UAVGFuZ28gSWNvbiBMaWJyYXJ5VM/tggAAADp0RVh0U291cmNlX1VSTABodHRwOi8vdGFuZ28uZnJlZWRlc2t0b3Aub3JnL1RhbmdvX0ljb25fTGlicmFyebzIrdYAAAAASUVORK5CYII=&apos;) left center no-repeat;
}.error-text-div {
   display: inline-block;   vertical-align: top;   height: 32px;}.label {   font-weight:bold;   display: inline-block;}.value {   display: inline-block;}nullError processing requestContext Path:/ericssongroupprojectnullServlet Path:/restnullPath Info:/base/ue_type/countnullQuery String:ue_type=33001735nullStack Tracenullnullnullnullnullnullnullnullnullnullnullnullnullnullnullnullnullnullnullnullnullnullnullnullnullnullnullnullnullnullnullnullnullnullnullnullnull

XML path [1] doesn&apos;t match.
Expected: (a collection containing &lt;100&gt; and a collection containing &lt;4097&gt; and a collection containing &lt;2&gt;)
  Actual: ERRORbody {
    font-family: &quot;Lucida Grande&quot;, &quot;Lucida Sans Unicode&quot;, &quot;Trebuchet MS&quot;, Helvetica, Arial, Verdana, sans-serif;
    margin: 5px;
}

.header {
    background-image: linear-gradient(bottom, rgb(153,151,153) 8%, rgb(199,199,199) 54%);
    background-image: -o-linear-gradient(bottom, rgb(153,151,153) 8%, rgb(199,199,199) 54%);
    background-image: -moz-linear-gradient(bottom, rgb(153,151,153) 8%, rgb(199,199,199) 54%);
    background-image: -webkit-linear-gradient(bottom, rgb(153,151,153) 8%, rgb(199,199,199) 54%);
    background-image: -ms-linear-gradient(bottom, rgb(153,151,153) 8%, rgb(199,199,199) 54%);
    
    background-image: -webkit-gradient(
        linear,
        left bottom,
        left top,
        color-stop(0.08, rgb(153,151,153)),
        color-stop(0.54, rgb(199,199,199))
    );
    color: black;
    padding: 2px;
    font-weight: normal;
    border: solid 1px;
    font-size: 170%;
    text-align: left;
    vertical-align: middle; 
    height: 32px; 
}
.error-div {
   display: inline-block;   width: 32px;   height: 32px;    background: url(&apos;data:image/png;base64,iVBORw0KGgoAAAANSUhEUgAAACAAAAAgCAYAAABzenr0AAAABmJLR0QAAAAAAAD5Q7t/AAAACXBIWXMAAABIAAAASABGyWs+AAAACXZwQWcAAAAgAAAAIACH+pydAAAGGElEQVRYw8WXW2wcVxnHf+fM7NXrdXbdtZ3ipGqCEzvQKmlFoUggwkvvGBoaqVVV5Y0nkCoQPPCAhMQbQlzUh/IWHoh6QUVKZVLxUCGogKZRW9uJkyg0iVzZ2dhre9c7u7M7c87hYWc2M7t2bBASI306O/85+v7/7zLn24H/8yV2u/EcFNvwVNK2X0DKw1qpYaX1gCWlY0m5arRe8JQ6I2DmaVj/nwk4CxO2Zf1aw9dKo6N67+eOZHN7x0gViiSHBmlXa7hrazjLt1i+eKmxUi5bwpg/e8a8PA3X/msBr0MyJ+WvgFOffehY8v7HH5OW78HqGjgOtNrge2AnIJWAgQEYLqBsm3/NvKM/mZ1rYczpRa2/9x3w/iMBM1BCiHfuGRmZevClF9NJ5cP1m9B0+/aa3t/ZDNw3TtuSfPy737trK6sXtTGPPwOruxLwNhSEEHMHpqZGDz93wubKFdio3ZXUGNOHs2cIDh/g6pt/9G8uXLnlGPP5k1Dt5bN60m6lhXj34OTkxKET37SZm4d6oz/KgFRH7yOrBozbwlTWGf7ql6RZrWTcytrxaTj9Ro9OGb3JS/mz0nDxgYnnvmWbuUsdJ6FTY2JmImShqZA83N90UbOXOXDiG4nCcPFoTsqfbluCP8DenJQLx1/+7pBcXILaZl9qo2svFmalb48xkM9hxkf5+29+u9HSenIayn0ZyEr5i0NHpnKy7aGrtW6UehsLozRBRlRQEh3BwzLpWh3h++yfPJRLSvnzvhK8DkPamOl7n3nCUjcXtyXuK0X0WViaAFc9QtSNJe594uu2MubZGcjHBGTgqeFiQQml0K12nDgSpd4iyi4uRMci6Q8xJSWq7SGEZCg/qD14LCYgIcTzoxMHc6qygYk40aETKTFSdh2aANOWhbEsjJSYCK6C/V0LcH+9xvCB/TlbiBdCAXbQMJPZ/fvQjUbXEULAa6/1deyuh0dwNU+e7DSzEOhmi8xn9iI+ujgVE6ChlBwpYcqVjuIgA3IXBMYYtNbd30IIpJQI0ZEa+gPQnk9ieA8GSrESaGNyiWIBrVQntUHqdrq01iiluo0WilBK4fs+WutOr4S9YAyJoRzamMGYAClEve046ETyTr13EKCU6kZ+N4GNCxfwKpVOryQSuOUVhBCbsRIIuN1cWRkaSCfRrdaOTncijgltNPDn5xHZLIn7x3GNh4CVmADgcv3a9YmBY0cxm06nAQH31KlOao3BL5fxbtzAOE73hAt7JXb6RU7PGO44WK5Do1ZHw6WYAN+YM+X5S8dLXziWizVNvY5aWcFfWuq8Idsctb1Yr8DwmRwrUr1yfVMbcyYmwIWZ2mbdai9+gvfBAsaAbrUwrrtllLuJPibIGGQ2hUlIHLdlA+diTXgSqkKIt5b/OevL+8bwqlWU63anW3jyhaa4c9T2Hs0hrsL5EOCJQ/sov7/gS8Mb07AZEwDgav2D5aVy3eSziEL+Dllk0PSRcmcMqx6BUeGykINsksrttboPP4w2aVfACVhGiFevvft+I/XwJCad3DF6tc2MiD4zmRSZhyZY/OusI4V4JTqKYwIA6lr/2Gm6s5/+7UMv/egDmEyqL7VbRR/LViR6sikGvniYpffm2m6r/VFd65/0vqZ9R/tbsMeG+WKpMDL+lWMJ58Jl/NVqvOG26PAoDmCXhhg4epDl9+a9zUp1uQkPbvWfcMvZchbuEXAuk0kf2X/84YxpuDQv3kA5zW1fw9CswSyZyXFEJsmnf/m46bntuTY8+SxUtuLadri9CokxeEUK8WJhtJgaeeSIxG3RurWGv+Gg3RbaU5CwkOkU1lCWxFgBmbS4ff6qX7297rXh9Gn4/llobMcjtsFywACQ+zZMTsOP8vBIOpNS+bFiJj2cxx7MYg+k8ZwmrWqD9lqNjVvrTc9tWRtw/k345dtwFagDTmTdUUA2EDAYXffB2JPw6FH4ch7GUpCzIemD50J9A1Y+hH/8Cc4vdTq9Tud9D9dNOt+MajclyNL53xZmIhusmcBSQJLOd4UJnHqACzTppDy0kHizl/yuPRB5nggIM0A6IE4GuA34EQFtoBUQuwGm7kbwb+eaEEXmuV5dAAAAJXRFWHRjcmVhdGUtZGF0ZQAyMDA5LTExLTEwVDE5OjM4OjI0LTA3OjAwdDKp4gAAACV0RVh0ZGF0ZTpjcmVhdGUAMjAxMC0wMi0yMFQyMzoyNjoyNC0wNzowMC7DUNYAAAAldEVYdGRhdGU6bW9kaWZ5ADIwMTAtMDEtMTFUMDg6NTc6MzUtMDc6MDCruapPAAAAMnRFWHRMaWNlbnNlAGh0dHA6Ly9lbi53aWtpcGVkaWEub3JnL3dpa2kvUHVibGljX2RvbWFpbj/96s8AAAAldEVYdG1vZGlmeS1kYXRlADIwMDktMTEtMTBUMTk6Mzg6MjQtMDc6MDArg9/WAAAAGXRFWHRTb3VyY2UAVGFuZ28gSWNvbiBMaWJyYXJ5VM/tggAAADp0RVh0U291cmNlX1VSTABodHRwOi8vdGFuZ28uZnJlZWRlc2t0b3Aub3JnL1RhbmdvX0ljb25fTGlicmFyebzIrdYAAAAASUVORK5CYII=&apos;) left center no-repeat;
}.error-text-div {
   display: inline-block;   vertical-align: top;   height: 32px;}.label {   font-weight:bold;   display: inline-block;}.value {   display: inline-block;}nullError processing requestContext Path:/ericssongroupprojectnullServlet Path:/restnullPath Info:/base/ue_type/countnullQuery String:ue_type=33001735nullStack Tracenullnullnullnullnullnullnullnullnullnullnullnullnullnullnullnullnullnullnullnullnullnullnullnullnullnullnullnullnullnullnullnullnullnullnullnullnull
" type="java.lang.AssertionError">java.lang.AssertionError: 2 expectations failed.
XML path [0] doesn&apos;t match.
Expected: (a collection containing &lt;112&gt; and a collection containing &lt;4097&gt; and a collection containing &lt;1&gt;)
  Actual: ERRORbody {
    font-family: &quot;Lucida Grande&quot;, &quot;Lucida Sans Unicode&quot;, &quot;Trebuchet MS&quot;, Helvetica, Arial, Verdana, sans-serif;
    margin: 5px;
}

.header {
    background-image: linear-gradient(bottom, rgb(153,151,153) 8%, rgb(199,199,199) 54%);
    background-image: -o-linear-gradient(bottom, rgb(153,151,153) 8%, rgb(199,199,199) 54%);
    background-image: -moz-linear-gradient(bottom, rgb(153,151,153) 8%, rgb(199,199,199) 54%);
    background-image: -webkit-linear-gradient(bottom, rgb(153,151,153) 8%, rgb(199,199,199) 54%);
    background-image: -ms-linear-gradient(bottom, rgb(153,151,153) 8%, rgb(199,199,199) 54%);
    
    background-image: -webkit-gradient(
        linear,
        left bottom,
        left top,
        color-stop(0.08, rgb(153,151,153)),
        color-stop(0.54, rgb(199,199,199))
    );
    color: black;
    padding: 2px;
    font-weight: normal;
    border: solid 1px;
    font-size: 170%;
    text-align: left;
    vertical-align: middle; 
    height: 32px; 
}
.error-div {
   display: inline-block;   width: 32px;   height: 32px;    background: url(&apos;data:image/png;base64,iVBORw0KGgoAAAANSUhEUgAAACAAAAAgCAYAAABzenr0AAAABmJLR0QAAAAAAAD5Q7t/AAAACXBIWXMAAABIAAAASABGyWs+AAAACXZwQWcAAAAgAAAAIACH+pydAAAGGElEQVRYw8WXW2wcVxnHf+fM7NXrdXbdtZ3ipGqCEzvQKmlFoUggwkvvGBoaqVVV5Y0nkCoQPPCAhMQbQlzUh/IWHoh6QUVKZVLxUCGogKZRW9uJkyg0iVzZ2dhre9c7u7M7c87hYWc2M7t2bBASI306O/85+v7/7zLn24H/8yV2u/EcFNvwVNK2X0DKw1qpYaX1gCWlY0m5arRe8JQ6I2DmaVj/nwk4CxO2Zf1aw9dKo6N67+eOZHN7x0gViiSHBmlXa7hrazjLt1i+eKmxUi5bwpg/e8a8PA3X/msBr0MyJ+WvgFOffehY8v7HH5OW78HqGjgOtNrge2AnIJWAgQEYLqBsm3/NvKM/mZ1rYczpRa2/9x3w/iMBM1BCiHfuGRmZevClF9NJ5cP1m9B0+/aa3t/ZDNw3TtuSfPy737trK6sXtTGPPwOruxLwNhSEEHMHpqZGDz93wubKFdio3ZXUGNOHs2cIDh/g6pt/9G8uXLnlGPP5k1Dt5bN60m6lhXj34OTkxKET37SZm4d6oz/KgFRH7yOrBozbwlTWGf7ql6RZrWTcytrxaTj9Ro9OGb3JS/mz0nDxgYnnvmWbuUsdJ6FTY2JmImShqZA83N90UbOXOXDiG4nCcPFoTsqfbluCP8DenJQLx1/+7pBcXILaZl9qo2svFmalb48xkM9hxkf5+29+u9HSenIayn0ZyEr5i0NHpnKy7aGrtW6UehsLozRBRlRQEh3BwzLpWh3h++yfPJRLSvnzvhK8DkPamOl7n3nCUjcXtyXuK0X0WViaAFc9QtSNJe594uu2MubZGcjHBGTgqeFiQQml0K12nDgSpd4iyi4uRMci6Q8xJSWq7SGEZCg/qD14LCYgIcTzoxMHc6qygYk40aETKTFSdh2aANOWhbEsjJSYCK6C/V0LcH+9xvCB/TlbiBdCAXbQMJPZ/fvQjUbXEULAa6/1deyuh0dwNU+e7DSzEOhmi8xn9iI+ujgVE6ChlBwpYcqVjuIgA3IXBMYYtNbd30IIpJQI0ZEa+gPQnk9ieA8GSrESaGNyiWIBrVQntUHqdrq01iiluo0WilBK4fs+WutOr4S9YAyJoRzamMGYAClEve046ETyTr13EKCU6kZ+N4GNCxfwKpVOryQSuOUVhBCbsRIIuN1cWRkaSCfRrdaOTncijgltNPDn5xHZLIn7x3GNh4CVmADgcv3a9YmBY0cxm06nAQH31KlOao3BL5fxbtzAOE73hAt7JXb6RU7PGO44WK5Do1ZHw6WYAN+YM+X5S8dLXziWizVNvY5aWcFfWuq8Idsctb1Yr8DwmRwrUr1yfVMbcyYmwIWZ2mbdai9+gvfBAsaAbrUwrrtllLuJPibIGGQ2hUlIHLdlA+diTXgSqkKIt5b/OevL+8bwqlWU63anW3jyhaa4c9T2Hs0hrsL5EOCJQ/sov7/gS8Mb07AZEwDgav2D5aVy3eSziEL+Dllk0PSRcmcMqx6BUeGykINsksrttboPP4w2aVfACVhGiFevvft+I/XwJCad3DF6tc2MiD4zmRSZhyZY/OusI4V4JTqKYwIA6lr/2Gm6s5/+7UMv/egDmEyqL7VbRR/LViR6sikGvniYpffm2m6r/VFd65/0vqZ9R/tbsMeG+WKpMDL+lWMJ58Jl/NVqvOG26PAoDmCXhhg4epDl9+a9zUp1uQkPbvWfcMvZchbuEXAuk0kf2X/84YxpuDQv3kA5zW1fw9CswSyZyXFEJsmnf/m46bntuTY8+SxUtuLadri9CokxeEUK8WJhtJgaeeSIxG3RurWGv+Gg3RbaU5CwkOkU1lCWxFgBmbS4ff6qX7297rXh9Gn4/llobMcjtsFywACQ+zZMTsOP8vBIOpNS+bFiJj2cxx7MYg+k8ZwmrWqD9lqNjVvrTc9tWRtw/k345dtwFagDTmTdUUA2EDAYXffB2JPw6FH4ch7GUpCzIemD50J9A1Y+hH/8Cc4vdTq9Tud9D9dNOt+MajclyNL53xZmIhusmcBSQJLOd4UJnHqACzTppDy0kHizl/yuPRB5nggIM0A6IE4GuA34EQFtoBUQuwGm7kbwb+eaEEXmuV5dAAAAJXRFWHRjcmVhdGUtZGF0ZQAyMDA5LTExLTEwVDE5OjM4OjI0LTA3OjAwdDKp4gAAACV0RVh0ZGF0ZTpjcmVhdGUAMjAxMC0wMi0yMFQyMzoyNjoyNC0wNzowMC7DUNYAAAAldEVYdGRhdGU6bW9kaWZ5ADIwMTAtMDEtMTFUMDg6NTc6MzUtMDc6MDCruapPAAAAMnRFWHRMaWNlbnNlAGh0dHA6Ly9lbi53aWtpcGVkaWEub3JnL3dpa2kvUHVibGljX2RvbWFpbj/96s8AAAAldEVYdG1vZGlmeS1kYXRlADIwMDktMTEtMTBUMTk6Mzg6MjQtMDc6MDArg9/WAAAAGXRFWHRTb3VyY2UAVGFuZ28gSWNvbiBMaWJyYXJ5VM/tggAAADp0RVh0U291cmNlX1VSTABodHRwOi8vdGFuZ28uZnJlZWRlc2t0b3Aub3JnL1RhbmdvX0ljb25fTGlicmFyebzIrdYAAAAASUVORK5CYII=&apos;) left center no-repeat;
}.error-text-div {
   display: inline-block;   vertical-align: top;   height: 32px;}.label {   font-weight:bold;   display: inline-block;}.value {   display: inline-block;}nullError processing requestContext Path:/ericssongroupprojectnullServlet Path:/restnullPath Info:/base/ue_type/countnullQuery String:ue_type=33001735nullStack Tracenullnullnullnullnullnullnullnullnullnullnullnullnullnullnullnullnullnullnullnullnullnullnullnullnullnullnullnullnullnullnullnullnullnullnullnullnull

XML path [1] doesn&apos;t match.
Expected: (a collection containing &lt;100&gt; and a collection containing &lt;4097&gt; and a collection containing &lt;2&gt;)
  Actual: ERRORbody {
    font-family: &quot;Lucida Grande&quot;, &quot;Lucida Sans Unicode&quot;, &quot;Trebuchet MS&quot;, Helvetica, Arial, Verdana, sans-serif;
    margin: 5px;
}

.header {
    background-image: linear-gradient(bottom, rgb(153,151,153) 8%, rgb(199,199,199) 54%);
    background-image: -o-linear-gradient(bottom, rgb(153,151,153) 8%, rgb(199,199,199) 54%);
    background-image: -moz-linear-gradient(bottom, rgb(153,151,153) 8%, rgb(199,199,199) 54%);
    background-image: -webkit-linear-gradient(bottom, rgb(153,151,153) 8%, rgb(199,199,199) 54%);
    background-image: -ms-linear-gradient(bottom, rgb(153,151,153) 8%, rgb(199,199,199) 54%);
    
    background-image: -webkit-gradient(
        linear,
        left bottom,
        left top,
        color-stop(0.08, rgb(153,151,153)),
        color-stop(0.54, rgb(199,199,199))
    );
    color: black;
    padding: 2px;
    font-weight: normal;
    border: solid 1px;
    font-size: 170%;
    text-align: left;
    vertical-align: middle; 
    height: 32px; 
}
.error-div {
   display: inline-block;   width: 32px;   height: 32px;    background: url(&apos;data:image/png;base64,iVBORw0KGgoAAAANSUhEUgAAACAAAAAgCAYAAABzenr0AAAABmJLR0QAAAAAAAD5Q7t/AAAACXBIWXMAAABIAAAASABGyWs+AAAACXZwQWcAAAAgAAAAIACH+pydAAAGGElEQVRYw8WXW2wcVxnHf+fM7NXrdXbdtZ3ipGqCEzvQKmlFoUggwkvvGBoaqVVV5Y0nkCoQPPCAhMQbQlzUh/IWHoh6QUVKZVLxUCGogKZRW9uJkyg0iVzZ2dhre9c7u7M7c87hYWc2M7t2bBASI306O/85+v7/7zLn24H/8yV2u/EcFNvwVNK2X0DKw1qpYaX1gCWlY0m5arRe8JQ6I2DmaVj/nwk4CxO2Zf1aw9dKo6N67+eOZHN7x0gViiSHBmlXa7hrazjLt1i+eKmxUi5bwpg/e8a8PA3X/msBr0MyJ+WvgFOffehY8v7HH5OW78HqGjgOtNrge2AnIJWAgQEYLqBsm3/NvKM/mZ1rYczpRa2/9x3w/iMBM1BCiHfuGRmZevClF9NJ5cP1m9B0+/aa3t/ZDNw3TtuSfPy737trK6sXtTGPPwOruxLwNhSEEHMHpqZGDz93wubKFdio3ZXUGNOHs2cIDh/g6pt/9G8uXLnlGPP5k1Dt5bN60m6lhXj34OTkxKET37SZm4d6oz/KgFRH7yOrBozbwlTWGf7ql6RZrWTcytrxaTj9Ro9OGb3JS/mz0nDxgYnnvmWbuUsdJ6FTY2JmImShqZA83N90UbOXOXDiG4nCcPFoTsqfbluCP8DenJQLx1/+7pBcXILaZl9qo2svFmalb48xkM9hxkf5+29+u9HSenIayn0ZyEr5i0NHpnKy7aGrtW6UehsLozRBRlRQEh3BwzLpWh3h++yfPJRLSvnzvhK8DkPamOl7n3nCUjcXtyXuK0X0WViaAFc9QtSNJe594uu2MubZGcjHBGTgqeFiQQml0K12nDgSpd4iyi4uRMci6Q8xJSWq7SGEZCg/qD14LCYgIcTzoxMHc6qygYk40aETKTFSdh2aANOWhbEsjJSYCK6C/V0LcH+9xvCB/TlbiBdCAXbQMJPZ/fvQjUbXEULAa6/1deyuh0dwNU+e7DSzEOhmi8xn9iI+ujgVE6ChlBwpYcqVjuIgA3IXBMYYtNbd30IIpJQI0ZEa+gPQnk9ieA8GSrESaGNyiWIBrVQntUHqdrq01iiluo0WilBK4fs+WutOr4S9YAyJoRzamMGYAClEve046ETyTr13EKCU6kZ+N4GNCxfwKpVOryQSuOUVhBCbsRIIuN1cWRkaSCfRrdaOTncijgltNPDn5xHZLIn7x3GNh4CVmADgcv3a9YmBY0cxm06nAQH31KlOao3BL5fxbtzAOE73hAt7JXb6RU7PGO44WK5Do1ZHw6WYAN+YM+X5S8dLXziWizVNvY5aWcFfWuq8Idsctb1Yr8DwmRwrUr1yfVMbcyYmwIWZ2mbdai9+gvfBAsaAbrUwrrtllLuJPibIGGQ2hUlIHLdlA+diTXgSqkKIt5b/OevL+8bwqlWU63anW3jyhaa4c9T2Hs0hrsL5EOCJQ/sov7/gS8Mb07AZEwDgav2D5aVy3eSziEL+Dllk0PSRcmcMqx6BUeGykINsksrttboPP4w2aVfACVhGiFevvft+I/XwJCad3DF6tc2MiD4zmRSZhyZY/OusI4V4JTqKYwIA6lr/2Gm6s5/+7UMv/egDmEyqL7VbRR/LViR6sikGvniYpffm2m6r/VFd65/0vqZ9R/tbsMeG+WKpMDL+lWMJ58Jl/NVqvOG26PAoDmCXhhg4epDl9+a9zUp1uQkPbvWfcMvZchbuEXAuk0kf2X/84YxpuDQv3kA5zW1fw9CswSyZyXFEJsmnf/m46bntuTY8+SxUtuLadri9CokxeEUK8WJhtJgaeeSIxG3RurWGv+Gg3RbaU5CwkOkU1lCWxFgBmbS4ff6qX7297rXh9Gn4/llobMcjtsFywACQ+zZMTsOP8vBIOpNS+bFiJj2cxx7MYg+k8ZwmrWqD9lqNjVvrTc9tWRtw/k345dtwFagDTmTdUUA2EDAYXffB2JPw6FH4ch7GUpCzIemD50J9A1Y+hH/8Cc4vdTq9Tud9D9dNOt+MajclyNL53xZmIhusmcBSQJLOd4UJnHqACzTppDy0kHizl/yuPRB5nggIM0A6IE4GuA34EQFtoBUQuwGm7kbwb+eaEEXmuV5dAAAAJXRFWHRjcmVhdGUtZGF0ZQAyMDA5LTExLTEwVDE5OjM4OjI0LTA3OjAwdDKp4gAAACV0RVh0ZGF0ZTpjcmVhdGUAMjAxMC0wMi0yMFQyMzoyNjoyNC0wNzowMC7DUNYAAAAldEVYdGRhdGU6bW9kaWZ5ADIwMTAtMDEtMTFUMDg6NTc6MzUtMDc6MDCruapPAAAAMnRFWHRMaWNlbnNlAGh0dHA6Ly9lbi53aWtpcGVkaWEub3JnL3dpa2kvUHVibGljX2RvbWFpbj/96s8AAAAldEVYdG1vZGlmeS1kYXRlADIwMDktMTEtMTBUMTk6Mzg6MjQtMDc6MDArg9/WAAAAGXRFWHRTb3VyY2UAVGFuZ28gSWNvbiBMaWJyYXJ5VM/tggAAADp0RVh0U291cmNlX1VSTABodHRwOi8vdGFuZ28uZnJlZWRlc2t0b3Aub3JnL1RhbmdvX0ljb25fTGlicmFyebzIrdYAAAAASUVORK5CYII=&apos;) left center no-repeat;
}.error-text-div {
   display: inline-block;   vertical-align: top;   height: 32px;}.label {   font-weight:bold;   display: inline-block;}.value {   display: inline-block;}nullError processing requestContext Path:/ericssongroupprojectnullServlet Path:/restnullPath Info:/base/ue_type/countnullQuery String:ue_type=33001735nullStack Tracenullnullnullnullnullnullnullnullnullnullnullnullnullnullnullnullnullnullnullnullnullnullnullnullnullnullnullnullnullnullnullnullnullnullnullnullnull

	at sun.reflect.NativeConstructorAccessorImpl.newInstance0(Native Method)
	at sun.reflect.NativeConstructorAccessorImpl.newInstance(NativeConstructorAccessorImpl.java:62)
	at sun.reflect.DelegatingConstructorAccessorImpl.newInstance(DelegatingConstructorAccessorImpl.java:45)
	at java.lang.reflect.Constructor.newInstance(Constructor.java:423)
	at org.codehaus.groovy.reflection.CachedConstructor.invoke(CachedConstructor.java:83)
	at org.codehaus.groovy.reflection.CachedConstructor.doConstructorInvoke(CachedConstructor.java:77)
	at org.codehaus.groovy.runtime.callsite.ConstructorSite$ConstructorSiteNoUnwrap.callConstructor(ConstructorSite.java:84)
	at org.codehaus.groovy.runtime.callsite.AbstractCallSite.callConstructor(AbstractCallSite.java:247)
	at io.restassured.internal.ResponseSpecificationImpl$HamcrestAssertionClosure.validate(ResponseSpecificationImpl.groovy:471)
	at io.restassured.internal.ResponseSpecificationImpl$HamcrestAssertionClosure$validate$1.call(Unknown Source)
	at io.restassured.internal.ResponseSpecificationImpl.validateResponseIfRequired(ResponseSpecificationImpl.groovy:636)
	at sun.reflect.NativeMethodAccessorImpl.invoke0(Native Method)
	at sun.reflect.NativeMethodAccessorImpl.invoke(NativeMethodAccessorImpl.java:62)
	at sun.reflect.DelegatingMethodAccessorImpl.invoke(DelegatingMethodAccessorImpl.java:43)
	at java.lang.reflect.Method.invoke(Method.java:498)
	at org.codehaus.groovy.runtime.callsite.PogoMetaMethodSite$PogoCachedMethodSiteNoUnwrapNoCoerce.invoke(PogoMetaMethodSite.java:210)
	at org.codehaus.groovy.runtime.callsite.PogoMetaMethodSite.callCurrent(PogoMetaMethodSite.java:59)
	at org.codehaus.groovy.runtime.callsite.AbstractCallSite.callCurrent(AbstractCallSite.java:166)
	at io.restassured.internal.ResponseSpecificationImpl.content(ResponseSpecificationImpl.groovy:265)
	at io.restassured.specification.ResponseSpecification$content$0.callCurrent(Unknown Source)
	at io.restassured.internal.ResponseSpecificationImpl.body(ResponseSpecificationImpl.groovy:248)
	at io.restassured.internal.ValidatableResponseOptionsImpl.body(ValidatableResponseOptionsImpl.java:268)
	at restAssured.TestDriver.query8(TestDriver.java:121)
	at sun.reflect.NativeMethodAccessorImpl.invoke0(Native Method)
	at sun.reflect.NativeMethodAccessorImpl.invoke(NativeMethodAccessorImpl.java:62)
	at sun.reflect.DelegatingMethodAccessorImpl.invoke(DelegatingMethodAccessorImpl.java:43)
	at java.lang.reflect.Method.invoke(Method.java:498)
	at org.junit.runners.model.FrameworkMethod$1.runReflectiveCall(FrameworkMethod.java:50)
	at org.junit.internal.runners.model.ReflectiveCallable.run(ReflectiveCallable.java:12)
	at org.junit.runners.model.FrameworkMethod.invokeExplosively(FrameworkMethod.java:47)
	at org.junit.internal.runners.statements.InvokeMethod.evaluate(InvokeMethod.java:17)
	at org.junit.runners.ParentRunner.runLeaf(ParentRunner.java:325)
	at org.junit.runners.BlockJUnit4ClassRunner.runChild(BlockJUnit4ClassRunner.java:78)
	at org.junit.runners.BlockJUnit4ClassRunner.runChild(BlockJUnit4ClassRunner.java:57)
	at org.junit.runners.ParentRunner$3.run(ParentRunner.java:290)
	at org.junit.runners.ParentRunner$1.schedule(ParentRunner.java:71)
	at org.junit.runners.ParentRunner.runChildren(ParentRunner.java:288)
	at org.junit.runners.ParentRunner.access$000(ParentRunner.java:58)
	at org.junit.runners.ParentRunner$2.evaluate(ParentRunner.java:268)
	at org.junit.internal.runners.statements.RunBefores.evaluate(RunBefores.java:26)
	at org.junit.runners.ParentRunner.run(ParentRunner.java:363)
	at org.apache.maven.surefire.junit4.JUnit4Provider.execute(JUnit4Provider.java:236)
	at org.apache.maven.surefire.junit4.JUnit4Provider.executeTestSet(JUnit4Provider.java:134)
	at org.apache.maven.surefire.junit4.JUnit4Provider.invoke(JUnit4Provider.java:113)
	at sun.reflect.NativeMethodAccessorImpl.invoke0(Native Method)
	at sun.reflect.NativeMethodAccessorImpl.invoke(NativeMethodAccessorImpl.java:62)
	at sun.reflect.DelegatingMethodAccessorImpl.invoke(DelegatingMethodAccessorImpl.java:43)
	at java.lang.reflect.Method.invoke(Method.java:498)
	at org.apache.maven.surefire.util.ReflectionUtils.invokeMethodWithArray(ReflectionUtils.java:189)
	at org.apache.maven.surefire.booter.ProviderFactory$ProviderProxy.invoke(ProviderFactory.java:165)
	at org.apache.maven.surefire.booter.ProviderFactory.invokeProvider(ProviderFactory.java:85)
	at org.apache.maven.surefire.booter.ForkedBooter.runSuitesInProcess(ForkedBooter.java:103)
	at org.apache.maven.surefire.booter.ForkedBooter.main(ForkedBooter.java:74)
</failure>
  </testcase>
  <testcase classname="restAssured.TestDriver" name="get_200_status_code" time="0.177"/>
</testsuite>